CCAMYAMDAKARLTGTIFLWLWNYTWSEQNYKWH 200000
CFAMYQENVAQTDVDTLYIIYRDYTWAELAYTWY 200000
CSAMYEEKVAHTDENIAYLMFHYYTWAVLAYTGY 200000
CSAMYEEKVAHTDENIAYLMFHYYTWAVQAYTGY 200000
CYAGYREKYRQTDVNKLYLRYDSYTWAEWAYEWY 200000
DDSGYRENYRQADVSNLYLRYDSYTLAALAYTWY 200000
HYAGYREKYRQTDVSNLYIRYDYYTWAELAYLWY 200000
HYIMYREISETTYVSNLYYNYSYYSWAAWSYRWY 200000
HYSEYRNNCTNTDESNLYLWYNFYTWAELAYTWH 200000
YCAMYAMDAKARLTGTIFLWLWNYTWSEQNYKWH 200000
YCSEYRNIYAQTDESNLYLSYDYYTWAERAYEWY 200000
YDAEYRNIFTNTDESNLYLSYNYYTWAVDAYTWY 200000
YDAGYREKYRQADVNKLYLRFNFYTWAERAYTWY 200000
YDAGYREKYRQADVNKLYLWYDSYTWAEWAYTWY 200000
YDAGYREKYRQTDVNKLYLRYDSYTWAEWAYEWY 200000
YDAGYREKYRQTDVNKLYLRYNFYTWAERAYTWY 200000
YDAGYREKYRQTDVSNLYIRYDYYTWAELAYLWY 200000
YDAGYREKYRQTDVSNLYLWYDSYTWAAQAYTWY 200000
YDAGYRENYRQADVSNLYLRYDSYTLAALAYTWY 200000
YDAGYRENYRQTDVNKLYIRYDFYTWAELAYTWY 200000
YDAMYREISTNTYESNLYLRYDSYTWAEWAYLWY 200000
YDATYRNIFTNTYENIAYWTYNYYTWAELAYLWH 200000
YDEMYEENAGSTFVNTLYLSYSDYTKAAMSYAWY 200000
YDEMYKENAGSTFVNNLYLSYSDYTRAAMSYAWY 200000
YDEMYREIGDNTYVNNLYLSYSFYTRAAMSYAGY 200000
YDEMYREISDNTYVNNLYLSYSFYTRAAMSYAGY 200000
YDEMYRNNAGNIYGNTAYIIYSDYTWAERSYTWY 200000
YDEMYRNNAGNIYGNTAYLIYSDYTWAVWSYTWY 200000
YDPGYREKYRQADVNKLYLWYDSYTWAEWAYTWY 200000
YDSEYRDIFTNTDESNLYLSYNYYTWAVDAYTWY 200000
YDSEYREIFTNTDESNLYLSYNYYTWAVDAYTWY 200000
YDSEYREISTNTDENNLYLSYNYYTWAVDAYTWY 200000
YDSEYREISTNTYESNLYLSYNYYTWAVDAYTWY 200000
YDSEYREKYRQADVSNLYLRSDSYTLAALAYTWY 200000
YDSEYRNICTNTDESNLYLRYNFYTWAVLTYTWY 200000
YDSEYRNIFTNADESNLYLRYNYYTWAVDAYTWY 200000
YDSEYRNIFTNTDENNLYLSYNYYTWAVDAYTWY 200000
YDSEYRNIFTNTDENTAYLSYNYYTWAVDAYTWY 200000
YDSEYRNIFTNTDESIAYLSYNYYTWAVDAYTWY 200000
YDSEYRNIFTNTDESNLYIRSNFYTWAVDAYTWY 200000
YDSEYRNIFTNTDESNLYISYNYYTWAVDAYTWY 200000
YDSEYRNIFTNTDESNLYLRYDSYTWAEWAYLWY 200000
YDSEYRNIFTNTDESNLYLRYNYYTWAVDAYTWY 200000
YDSEYRNIFTNTDESNLYLSYDSYTWAVDAYTWY 200000
YDSEYRNIFTNTDESNLYLSYDYYTWAVDAYTWY 200000
YDSEYRNIFTNTDESNLYLSYHDYTWAVDAYTWY 200000
YDSEYRNIFTNTDESNLYLSYNSYTWAVDAYTWY 200000
YDSEYRNIFTNTDESNLYLSYNYYTWAEDAYTWY 200000
YDSEYRNIFTNTDESNLYLSYNYYTWAERAYTWY 200000
YDSEYRNIFTNTDESNLYLSYNYYTWAVDAYAWY 200000
YDSEYRNIFTNTDESNLYLSYNYYTWAVDAYLWY 200000
YDSEYRNIFTNTDESNLYLSYNYYTWAVDAYTWY 200000
YDSEYRNIFTNTDESNLYLSYNYYTWAVLAYLWY 200000
YDSEYRNIFTNTDESNLYLSYNYYTWAVLAYTWY 200000
YDSEYRNIFTNTDESNLYLSYNYYTWAVLTYTWY 200000
YDSEYRNIFTNTDESNLYLSYNYYTWAVRAYEWY 200000
YDSEYRNIFTNTDESNLYWTYNYYTWAVDAYTWY 200000
YDSEYRNIFTNTDVSNLYLSYNYYTWAVDAYTWY 200000
YDSEYRNIFTNTYENIAYLSYNYYTWAVDAYTWY 200000
YDSEYRNIFTNTYESNLYLSYNYYTWAVDAYTWY 200000
YDSEYRNISTNTDESNLYLSYNYYTWAVDAYTWY 200000
YDSEYRNIYAQTDESNLYLSYDYYTWAERAYEWY 200000
YDSEYRNTFTNTDESNLYLSYNYYTWAVDAYTWY 200000
YDSGYQEKYRQADVNKLYLRSEFYTWAALAYLWY 200000
YDSGYREKYRQADVNKLYIRSDSYTWAEWAYTWY 200000
YDSGYREKYRQADVNKLYIWYDSYTWAEWAYTWY 200000
YDSGYREKYRQADVNKLYLRFNFYTWAERAYTWY 200000
YDSGYREKYRQADVNKLYLRFNFYTWAEWAYEWY 200000
YDSGYREKYRQADVNKLYLRSDSYTLAALAYTWY 200000
YDSGYREKYRQADVNKLYLRSGYYTWAELAYKWY 200000
YDSGYREKYRQADVNKLYLWCDSYTWAEWAYTWY 200000
YDSGYREKYRQADVNKLYLWYDFYTWAEWAYTWY 200000
YDSGYREKYRQADVNKLYLWYDSYTRAEWAYTWY 200000
YDSGYREKYRQADVNKLYLWYDSYTWAAWAYTWY 200000
YDSGYREKYRQADVNKLYLWYDSYTWAELAYTWY 200000
YDSGYREKYRQADVNKLYLWYDSYTWAERAYTWY 200000
YDSGYREKYRQADVNKLYLWYDSYTWAEWAHTWY 200000
YDSGYREKYRQADVNKLYLWYDSYTWAEWAYEWY 200000
YDSGYREKYRQADVNKLYLWYDSYTWAEWAYTWY 200000
YDSGYREKYRQADVNKLYLWYDSYTWAEWTYTWY 200000
YDSGYREKYRQADVNKLYLWYNFYTWAEWAYTWY 200000
YDSGYREKYRQADVNNLYLRSDSYTLAALAYTWY 200000
YDSGYREKYRQADVSNLHLRSDSYTLAALAYTWY 200000
YDSGYREKYRQADVSNLYFRYDFYTLAADAYTWY 200000
YDSGYREKYRQADVSNLYFRYDFYTWAADAYTWY 200000
YDSGYREKYRQADVSNLYIRSDSYTLAALAYTWY 200000
YDSGYREKYRQADVSNLYIRYDSYTLAALAYTWY 200000
YDSGYREKYRQADVSNLYLNYDSYTLAALAYTWY 200000
YDSGYREKYRQADVSNLYLRFDSYTLAALAYTWY 200000
YDSGYREKYRQADVSNLYLRSDFYTLAALAYTWY 200000
YDSGYREKYRQADVSNLYLRSDSYTLAADAYTWY 200000
YDSGYREKYRQADVSNLYLRSDSYTLAALAYEWY 200000
YDSGYREKYRQADVSNLYLRSDSYTLAALAYTWY 200000
YDSGYREKYRQADVSNLYLRSDSYTLAALTYTWY 200000
YDSGYREKYRQADVSNLYLRSDSYTLAARAYTWY 200000
YDSGYREKYRQADVSNLYLRSDSYTLAAWAYTWY 200000
YDSGYREKYRQADVSNLYLRSDSYTWAALAYLWY 200000
YDSGYREKYRQADVSNLYLRSDSYTWAALAYTWY 200000
YDSGYREKYRQADVSNLYLRSDYYTLAALAYTWY 200000
YDSGYREKYRQADVSNLYLRSGSYTWAELAYKWY 200000
YDSGYREKYRQADVSNLYLRYDSYTLAALAYTWY 200000
YDSGYREKYRQADVSNLYLRYDSYTWAEWAYTWY 200000
YDSGYREKYRQADVSNLYLRYNFYTWAERAYTWY 200000
YDSGYREKYRQADVSNLYLWYDSYTLAALAYTWY 200000
YDSGYREKYRQADVSNLYLWYDSYTWAEWAYTWY 200000
YDSGYREKYRQADVSNLYLWYGSYTWAELAYKSY 200000
YDSGYREKYRQADVSNLYLWYGSYTWAELAYKWY 200000
YDSGYREKYRQTDVNKLYLWYDSYTWAERAYTWY 200000
YDSGYREKYRQTDVSNLYIRYDYYTWAELAYLWY 200000
YDSGYREKYRQTDVSNLYLRSDSYTLAALAYTWY 200000
YDSGYRENYRQADESNLYLRYDSYTLAALAYTWY 200000
YDSGYRENYRQADVNKLYLRYDSYTLAALAYTWY 200000
YDSGYRENYRQADVSDLYLRYDSYTLAALAYTWY 200000
YDSGYRENYRQADVSNLYLRFDSYTLAALAYTWY 200000
YDSGYRENYRQADVSNLYLRSDSYTLAALAYTWY 200000
YDSGYRENYRQADVSNLYLRYDSYTLAALAYPWY 200000
YDSGYRENYRQADVSNLYLRYDSYTLAALAYTWY 200000
YDSGYRENYRQADVSNLYLRYDSYTLAAQAYTWY 200000
YDSGYRENYRQADVSNLYLRYDSYTLAAWAYTWY 200000
YDSGYRENYRQADVSNLYLRYDSYTLAGLAYTWY 200000
YDSGYRENYRQADVSNLYLRYDSYTLAVLAYTWY 200000
YDSGYRENYRQADVSNLYLRYDSYTLTALAYTWY 200000
YDSGYRENYRQADVSNLYLRYDSYTWAALAYTWY 200000
YDSGYRENYRQADVSNLYLRYDSYTWAVDAYTWY 200000
YDSGYRENYRQADVSNLYLRYNFYTLAALAYTWY 200000
YDSGYRENYRQTDVNKLYLWYDSYTWAEWAYTWY 200000
YDSGYRENYRQTDVSNLYLRYDSYTLAALAYTWY 200000
YDSGYRQIYRQADVNKLYIRFSSYTWAALAYTWH 200000
YDSMYEENAGSTFVNNLYFSYSFYTRAAMSYAWY 200000
YDSMYEENAGSTFVNNLYLSYHDYAWAAWSYAWY 200000
YDSMYEENAGSTFVNNLYLSYHDYAWAVWSYAWY 200000
YDSMYEENAGSTFVNNLYLSYSDYTRAAMSYAWY 200000
YDSMYEENAGSTFVNNLYLSYSDYTWAEMSYAWY 200000
YDSMYEENAGSTFVNNLYYWYSDYTRAAMSYAWY 200000
YDSMYRENSDNRYVNNLYIRYHDYSWAAWSYAGY 200000
YDSTYRNIFTNTDESNLYLSYNYYTWAVDAYTWY 200000
YDTKYREISTNTYENTAYIRYDDYTWAVDAYLSY 200000
YDTMYRENVASTDENIAYWTFYYYTWAALAYTWY 200000
YDTMYRETSAQTDENIAYIRFSSYTWAELAYTWY 200000
YESYYREKAGQWFVSNLYLQSLFYTWSAYAYEWY 200000
YESYYRIIAGQWFVNTLYLWYEFYTWAAYAYEWY 200000
YFAMYEEKVAHTDENIAYLMFHYYTWAVQAYTGY 200000
YFAMYEEKVAHTDVDTLYVRYHYYTWAVLAYTWY 200000
YFAMYEEKVAHTHVDTLYVRYHYYTWAVLAYTWY 200000
YFAMYEEKVAQTDVDTLYIIYRDYTWAELAYTWY 200000
YFAMYEENVAHTDVDTLYIIYRDYTWARLAYEGY 200000
YFAMYEENVAHTNANTLYIIYRDYTWARLAYEGY 200000
YFAMYEESAAHTDVDTLYIIYRDYTWAARAYTWY 200000
YFAMYEQRAAHTDESNLYIWYRDYTWAEWAYEWY 200000
YFAMYGEKVAHAHVDTLYVRYHYYTWAVLAYTWY 200000
YFAMYGEKVAHIDVDTLYVRYHYYTWAVLAYTWY 200000
YFAMYGEKVAHSHVDTLYLRYHYYTWAVWAYTWY 200000
YFAMYGEKVAHTDANTLYVRYHYYTWAVLAYTWY 200000
YFAMYGEKVAHTDENIAYVRCHYYTWAVLAYTWY 200000
YFAMYGEKVAHTDENIAYVRYHYYTWAVLAYTWY 200000
YFAMYGEKVAHTDENIAYVRYHYYTWAVWAYTWY 200000
YFAMYGEKVAHTDENTLYVRYHYYTWAVLAYTWY 200000
YFAMYGEKVAHTDESIAYVRYHYYTWAVLAYTWY 200000
YFAMYGEKVAHTDVDTLYIMYQDYTWAVLAYTWY 200000
YFAMYGEKVAHTDVDTLYVRYHYYTWAVLAYTWY 200000
YFAMYGEKVAHTHEDTLYVRYHYYTWAVLAYTWY 200000
YFAMYGEKVAHTHLDTLYVRYHYYTWAVLAYTWY 200000
YFAMYGEKVAHTHMDTLYVRCHYYTWAVLAYTWY 200000
YFAMYGEKVAHTHVDTLYIIYHYYTWAVLAYTWY 200000
YFAMYGEKVAHTHVDTLYIMYQDYTWAVLAYTWY 200000
YFAMYGEKVAHTHVDTLYIRYHYYTWAVLAYTWY 200000
YFAMYGEKVAHTHVDTLYIRYHYYTWAVWAYTWY 200000
YFAMYGEKVAHTHVDTLYIRYQDYTWAEWAYRWY 200000
YFAMYGEKVAHTHVDTLYLMFHYYTWAVLAYTWY 200000
YFAMYGEKVAHTHVDTLYLRYHYYTWAVLAYTWY 200000
YFAMYGEKVAHTHVDTLYLRYHYYTWAVWAYTWY 200000
YFAMYGEKVAHTHVDTLYVGYHYYTWAVLAYTWY 200000
YFAMYGEKVAHTHVDTLYVMYHYYTWAVLAYTWY 200000
YFAMYGEKVAHTHVDTLYVRCHYYTWAVLAYTGY 200000
YFAMYGEKVAHTHVDTLYVRCHYYTWAVLAYTWY 200000
YFAMYGEKVAHTHVDTLYVRCHYYTWAVWAYTWY 200000
YFAMYGEKVAHTHVDTLYVRFHYYTWAEWAYTWY 200000
YFAMYGEKVAHTHVDTLYVRFHYYTWAVLAYTWY 200000
YFAMYGEKVAHTHVDTLYVRNHYYTWAVLAYTWY 200000
YFAMYGEKVAHTHVDTLYVRSHYYTWAVLAYTWY 200000
YFAMYGEKVAHTHVDTLYVRYDSYTWAVLAYTWY 200000
YFAMYGEKVAHTHVDTLYVRYDYYTWAVLAYTWY 200000
YFAMYGEKVAHTHVDTLYVRYEHYTWAVLAYTWY 200000
YFAMYGEKVAHTHVDTLYVRYEYYTWAVLAYTWY 200000
YFAMYGEKVAHTHVDTLYVRYHFYTWAVLAYTWY 200000
YFAMYGEKVAHTHVDTLYVRYHSYTWAVLAYTWY 200000
YFAMYGEKVAHTHVDTLYVRYHYYTWAAQAYTWY 200000
YFAMYGEKVAHTHVDTLYVRYHYYTWAELAYTWY 200000
YFAMYGEKVAHTHVDTLYVRYHYYTWAEQAYRWY 200000
YFAMYGEKVAHTHVDTLYVRYHYYTWAEQAYTWY 200000
YFAMYGEKVAHTHVDTLYVRYHYYTWAEWAYTWY 200000
YFAMYGEKVAHTHVDTLYVRYHYYTWAVLAYEWY 200000
YFAMYGEKVAHTHVDTLYVRYHYYTWAVLAYKWY 200000
YFAMYGEKVAHTHVDTLYVRYHYYTWAVLAYRWY 200000
YFAMYGEKVAHTHVDTLYVRYHYYTWAVLAYTGY 200000
YFAMYGEKVAHTHVDTLYVRYHYYTWAVLAYTRY 200000
YFAMYGEKVAHTHVDTLYVRYHYYTWAVLAYTWY 200000
YFAMYGEKVAHTHVDTLYVRYHYYTWAVLVYTWY 200000
YFAMYGEKVAHTHVDTLYVRYHYYTWAVQAYTGY 200000
YFAMYGEKVAHTHVDTLYVRYHYYTWAVQAYTWY 200000
YFAMYGEKVAHTHVDTLYVRYHYYTWAVRAYTWY 200000
YFAMYGEKVAHTHVDTLYVRYHYYTWAVWAYTWY 200000
YFAMYGEKVAHTHVDTLYVRYHYYTWSVLAYTWY 200000
YFAMYGEKVAHTHVDTLYVRYNFYTWAVLAYTWY 200000
YFAMYGEKVAHTHVDTLYVRYQDYTWAEWAYTWY 200000
YFAMYGEKVAHTHVDTLYVRYQDYTWAVLAYTWY 200000
YFAMYGEKVAHTHVDTLYVRYRDYTWAVLAYTWY 200000
YFAMYGEKVAQTDVDTLYIIYRDYTWAELAYTWY 200000
YFAMYGEKVAQTDVDTLYVRYHYYTWAVLAYTWY 200000
YFAMYGEKVAQTHVDTLYVRYHYYTWAVLAYTWY 200000
YFAMYGEKVTHTHVDTLYVRYHYYTWAVLAYTWY 200000
YFAMYGENVAHIDVDTLYVRYHYYTWAVLAYTWY 200000
YFAMYGENVAHTHVDTLYVRYHYYTWAVLAYTWY 200000
YFAMYGENVAQTHVDTLYVRYHYYTWAVLAYTWY 200000
YFAMYGEQVAHTHVDTLYVRYHYYTWAVLAYTWY 200000
YFAMYHENVAHTDESIAYIMYQDYTWAVLAYTWY 200000
YFAMYPENMAHTDANTLYIIYRDYTWVARVYRGY 200000
YFAMYQEKVAHTDESIAYIMYQDYTWAVLAYTWY 200000
YFAMYQEKVAHTHVDTLYVRYHYYTWAVLAYTWY 200000
YFAMYQENMAHTDANTLYIIYHYYTWVARVYRGY 200000
YFAMYQENMAHTDANTLYIIYRDYTWAARVYRGY 200000
YFAMYQENMAHTDANTLYIIYRDYTWARRVYRGY 200000
YFAMYQENMAHTDANTLYIIYRDYTWAVQAYTGY 200000
YFAMYQENMAHTDANTLYIIYRDYTWAVRVYRGY 200000
YFAMYQENMAHTDANTLYIIYRDYTWVALAYRGY 200000
YFAMYQENMAHTDANTLYIIYRDYTWVAQVYRGY 200000
YFAMYQENMAHTDANTLYIIYRDYTWVARAYTWY 200000
YFAMYQENMAHTDANTLYIIYRDYTWVARVCRGY 200000
YFAMYQENMAHTDANTLYIIYRDYTWVARVYRGY 200000
YFAMYQENMAHTDANTLYIIYRDYTWVARVYRWY 200000
YFAMYQENMAHTDANTLYIIYRDYTWVARVYTGY 200000
YFAMYQENMAHTDANTLYIIYRDYTWVARVYTWY 200000
YFAMYQENMAHTDANTLYIIYRDYTWVARVYWGY 200000
YFAMYQENMAHTDANTLYIIYREYTWVARVYRGY 200000
YFAMYQENMAHTDANTLYIMYRDYTWVARVYRGY 200000
YFAMYQENMAHTDANTLYLMYRDYTWVARVYTWY 200000
YFAMYQENMAHTDANTLYVRYRDYTWVARVYRGY 200000
YFAMYQENMAHTDESIAYIMYQDYTWAVLAYTWY 200000
YFAMYQENMAHTDVDTLYIIYRDYTWVARVYRGY 200000
YFAMYQENMAQTDANTLYIIYRDYTWVARVYRGY 200000
YFAMYQENMAQTDVDTLYIIYRDYTWVARVYRGY 200000
YFAMYQENVAHADVDTLYIMYQDYTWAVLAYTWY 200000
YFAMYQENVAHIDVDTLYIIYRDYTWAVQAYTWY 200000
YFAMYQENVAHIDVDTLYIMYQDYTWAVLAYTWY 200000
YFAMYQENVAHTDANTLYIIYRDYTWAELAYTWY 200000
YFAMYQENVAHTDANTLYIIYRDYTWVARVYRGY 200000
YFAMYQENVAHTDANTLYIMYQDYTWAVLAYTWY 200000
YFAMYQENVAHTDENIAYIMYQDYTWAVLAYTWY 200000
YFAMYQENVAHTDENTLYIIYRDYTWVARVYRGY 200000
YFAMYQENVAHTDESIAYIIYRDYTWAELAYTWY 200000
YFAMYQENVAHTDESIAYIMYQDYTWAEWAYTWY 200000
YFAMYQENVAHTDESIAYIMYQDYTWAVLAYTGY 200000
YFAMYQENVAHTDESIAYIMYQDYTWAVLAYTRY 200000
YFAMYQENVAHTDESIAYIMYQDYTWAVLAYTWY 200000
YFAMYQENVAHTDESIAYIMYQDYTWAVQAYTWY 200000
YFAMYQENVAHTDVDTLYIIYRDYTWAELAYTWY 200000
YFAMYQENVAHTDVDTLYIMYQDYTWAVLAYTWY 200000
YFAMYQENVAHTHESIAYIMYQDYTWAVLAYTWY 200000
YFAMYQENVAHTHVDTLYIMYQDYTWAVLAYTWY 200000
YFAMYQENVAHTHVDTLYVRYHYYTWAVLAYTWY 200000
YFAMYQENVAPTDVDTLYIIYRDYTWAELAYTWY 200000
YFAMYQENVAQTDANTLYIIYRDYTWAELAYTWY 200000
YFAMYQENVAQTDESIAYIMYQDYTWAVLAYTWY 200000
YFAMYQENVAQTDVDTLYIIFHYYTWAELAYTWY 200000
YFAMYQENVAQTDVDTLYIIFRDYTWAELAYTWY 200000
YFAMYQENVAQTDVDTLYIIYEHYTWAELAYTWY 200000
YFAMYQENVAQTDVDTLYIIYEHYTWAVQAYTWY 200000
YFAMYQENVAQTDVDTLYIIYRDYTWADLAYTWY 200000
YFAMYQENVAQTDVDTLYIIYRDYTWAELAYTWY 200000
YFAMYQENVAQTDVDTLYIIYRDYTWAEQAYTWY 200000
YFAMYQENVAQTDVDTLYIIYRDYTWAERAYTWY 200000
YFAMYQENVAQTDVDTLYIIYRDYTWAEWAYTWY 200000
YFAMYQENVAQTDVDTLYIIYRDYTWAVLAYTWY 200000
YFAMYQENVAQTDVDTLYIIYRDYTWAVQAYTWY 200000
YFAMYQENVAQTDVDTLYIIYRDYTWVARVYRGY 200000
YFAMYQENVAQTDVDTLYIIYRYYTWAVQAYTWY 200000
YFAMYQENVAQTDVDTLYIMYQDYTWAVLAYTWY 200000
YFAMYQENVAQTDVDTLYLMYRDYTWAELAYTWY 200000
YFAMYQENVAQTHVDTLYIIYRDYTWAELAYTWY 200000
YFAMYQENVAQTHVDTLYVRCHYYTWAVLAYTWY 200000
YFAMYQENVAQTHVDTLYVRYHYYTWAVLAYTWY 200000
YFAMYQENVVQTDVDTLYIIYRDYTWAELAYTWY 200000
YFAMYQESAAHTDVDTLYIIYRDYTWAAQAYTWY 200000
YFAMYREKVAHTHVDTLYVRYHYYTWAVLAYTWY 200000
YFAMYRNNVAHTDANTLYIIYRDYTWVARVYRGY 200000
YFAMYRNNVAHTDANTLYIRYQDYTWAEWAYRWY 200000
YFAMYRNNVAHTDESIAYIMYQDYTWAVLAYTWY 200000
YFAMYRNNVAHTDESIAYIRYQDYTWAEWAYRWY 200000
YFAMYRNNVAHTHVDTLYVRYHYYTWAVLAYTWY 200000
YFAMYRNNVAQTDVDTLYIIYRDYTWAELAYTWY 200000
YFAMYVEKVAHTHVDTLYVRYHYYTWAVLAYTWY 200000
YFATYQENVAQTDVDTLYIIYRDYTWAELAYTWY 200000
YFAVYGEKVAHTHVDTLYVRYHYYTWAVLAYTWY 200000
YFSGYREKYHQTDVSNLYLWCDYYTWAERAYTWY 200000
YFSGYREKYRQADVSNLYLRYDSYTWAEWAYTWY 200000
YFSGYREKYRQADVSNLYLWCDYYTWAERAYTWY 200000
YFSGYREKYRQTDVCNLYLWCDYYTWAERAYTWY 200000
YFSGYREKYRQTDVNKLYLWCDYYTWAERAYTWY 200000
YFSGYREKYRQTDVSNLYLRFDYYTWAERAYTWY 200000
YFSGYREKYRQTDVSNLYLRSDYYTWAERAYTWY 200000
YFSGYREKYRQTDVSNLYLWCDSYTWAEWAYTWY 200000
YFSGYREKYRQTDVSNLYLWCDYYTWAELAYLWY 200000
YFSGYREKYRQTDVSNLYLWCDYYTWAELAYTWY 200000
YFSGYREKYRQTDVSNLYLWCDYYTWAERAYEWY 200000
YFSGYREKYRQTDVSNLYLWCDYYTWAERAYMWY 200000
YFSGYREKYRQTDVSNLYLWCDYYTWAERAYTCY 200000
YFSGYREKYRQTDVSNLYLWCDYYTWAERAYTWH 200000
YFSGYREKYRQTDVSNLYLWCDYYTWAERAYTWY 200000
YFSGYREKYRQTDVSNLYLWCDYYTWAEWAYTWY 200000
YFSGYREKYRQTDVSNLYLWCDYYTWAVRAYTWY 200000
YFSGYREKYRQTDVSNLYLWCNFYTWAERAYTWY 200000
YFSGYREKYRQTDVSNLYLWYDYYTWAERAYTWY 200000
YFSGYREKYRQTDVSNLYLWYNFYTWAERAYTWY 200000
YFSMYGEKVAHTHVDTLYVRYHYYTWAVLAYTWY 200000
YFTMYRENVASTDENIAYIRYYSYTWAERAYTWY 200000
YFTVYRQISTNTDGSNLYLTYYYYSFAALAYTWY 200000
YFVMYGEKVAHTHVDTLYVRYHYYTWAVLAYTWY 200000
YGAAYEQIAANTDVGTLYIWFHSYTWDYFAYEWY 200000
YGAMYEQIAANTDVDTLYIWYHDYTWDYFAYTWY 200000
YGAMYEQIAANTFVGTLYLRYESYTWDYLAYTWY 200000
YGAMYEQIAETTFVGTLYLRYESYTWDYLAYTWY 200000
YGAMYEQLAARTDVGTLYYWLHSYTWDYFAYEWY 200000
YGSEYEQIAANTDVDTLYIWYRDYTWDYFAYTWY 200000
YGSTYEERAARTDADTLYVWAHSYTWTYFAYPWY 200000
YGVMYEEKADNTHVSNLYFRYYFYTWAVLAHPWY 200000
YGYAYEQLAARTDVDTLYIWSRDYTWAEWAYEWH 200000
YGYMYDVIAAQTDVDTLYIIYRDYTWAVMAYEWY 200000
YGYMYDVRAARTDVDTLYIIYRDYTWAVMAYEWY 200000
YGYMYEEKAARTDVNTLYIIYDYYTWAERAYTWY 200000
YGYMYEEKAARTDVNTLYIIYRDYTWAERAYTWY 200000
YGYTYEERAARTDADILYLWAHSYTWTYFAYPWY 200000
YGYTYEERAARTDADTLYLWAHSYTWTYFAYPWY 200000
YGYVYEQIAARADADTLYIWFHSYTWDYQAYEWY 200000
YGYVYEQIAARTDADTLYIWFHSYTWDYMAYEWY 200000
YGYVYEQIAARTDADTLYIWFHSYTWDYQAYEWY 200000
YGYVYEQLAARTDADTLYIWFHSYTWDYMAYEWY 200000
YHAEYEQIAGNAHGNNLYVTYEFYTWAADAYPWY 200000
YHAEYEQIAGNTHVDTLYLTYHSYTWAAQAYRWY 200000
YHAEYEQNAAHTHVSNLYIKYDYYTWAALAYTWY 200000
YHAEYEQNAAHTHVSNLYLKYDYYTWAALAYTWY 200000
YHAEYRNIYAQTDESNLYWTYNLYTWAVLAYTWY 200000
YHAGYRNIYAQTDESNLYWTYNLYTWAVLAYTWY 200000
YHAKYREISTNTYESNLYWRYNYYTWAVDAYTWY 200000
YHAMYEEIAGHTEGNTLYVWHHLYTWAERAYQWY 200000
YHAMYEEIAGHTEGNTLYVWHYFYTWAERAYQWY 200000
YHAMYQENVAQTDVDTLYIIYRDYTWAAQAYRWY 200000
YHAMYREISTNTYESNLYLRYDSYTWAEWAYLWY 200000
YHAMYREKMTEMAVANLYIVYSYYTLAAHAYLSY 200000
YHAMYREKMTEMAVANLYIVYSYYTLAAMAYLSY 200000
YHAMYREKYRQTDVSNLYLRYDSYTWAEWAYLWY 200000
YHATYREISTNTYEDTLYIRSNFYTWAVDAYTWY 200000
YHATYREISTNTYENIAYWRYNLYTWAELAYLWY 200000
YHATYRNIFTNTYESNLYIRYDSYTWAVLAYLWY 200000
YHATYRNIFTNTYESNLYLRYDSYTWAVLAYTWH 200000
YHEMYEANAARTDVDTLYIWARDYTWDYLAYTWY 200000
YHEMYRNNAAHTDVDTLYIWYRDYTWDYFAYTWY 200000
YHEMYRNRAANTDGNTAYIWYYDYTWAALAYTWY 200000
YHEMYRNRAGNTEGNTLYIWYDSYTWAEMAYEWH 200000
YHIMYREKADMNFVNTLYLWYCEYSSVEQAYPWY 200000
YHSEYEEIAANTHGNTLYIKYDYYTWAAQAYEWY 200000
YHSEYEHIAANTHGNTLYIKYDYYTWAAQAYEWY 200000
YHSEYEQIAANTHGNTLYIKYDYYTWAAQAYEWY 200000
YHSEYEQIADTTDANTLYLWYRDYTWAEWAYEWH 200000
YHSEYEQIAGNTDADTLYLWYRDYTWAEWAYEWH 200000
YHSEYEQIAGNTDENTLYIWYDSYTWAAQAYEWY 200000
YHSEYEQIVDTSFVGTLYLLYEDYTRAALNYTGY 200000
YHSEYEQNAAHSHVSNLYLKYDYYTWAALAYTWY 200000
YHSEYEQNAAHTHVSNLYLKYDYYTWAALAYTWY 200000
YHSEYREISTNTYESNLYLSYNYYSLAVLAYEWY 200000
YHSEYREKAAQTDVDTLYIWSRDYTWAERAYTWY 200000
YHSEYREKAAQTDVDTLYIWSRDYTWDYLAYTWY 200000
YHSEYRNICAANYEGNLYFRYEYYTWAAMAYTWY 200000
YHSEYRNICTNTDESNLYLRYNFYTWAVLTYTWY 200000
YHSEYRNIFTNTDESNLYLSYNYYTWAVDAYTWY 200000
YHSEYRNISTNTYESNLYLRYDSYTWAVLAYTWH 200000
YHSEYRNIYAQTDESNLYLSYDSYTWAVDAYTWY 200000
YHSEYRNIYAQTDESNLYLSYNYYTWAVDAYTWY 200000
YHSKYREISTNTYEDTLYIRSNFYTWAVDAYTWY 200000
YHSKYRNISTNTYESNLYLRYDSYTWAVLAYTWH 200000
YHSMYEQIAANTDVDTLYITYRDYTWAEWAYEWY 200000
YHSMYEQIAEATEGNTLYLWYDSYTWAAQAYEWY 200000
YHSMYEQIAEATFGNTLYLWYDSYTWAAQAYEWY 200000
YHSMYEQIAGNTHVDTLYITYRDYTWAEWAYEWY 200000
YHSMYREIAGHSFGSTAYLWYLFYTWAIDAYTSY 200000
YHSMYREKAGNTDENIAYLMHYRYTWAVRAYRWY 200000
YHSMYRESADTIFVNTLYLWHEFYSSAEQAYTWY 200000
YHSMYRNISAHTHGNTLYITYNHYTWDYFADASY 200000
YHSMYRNKAAHTDVDTLYIWSRDYTWDYLAYTWY 200000
YHSMYRNKAAQTDVDTLYIWSRDYTWDYLAYTWY 200000
YHSMYRNTAGNTDGSNLYLTYEYYTWAEWAYTWY 200000
YHSTYREIFTNTYEDTLYIRSNFYTWAVDAYTWY 200000
YHSTYREISTNTYEDNLYIRSNFYTWAVDAYTWY 200000
YHSTYREISTNTYEDTLYIRSNFYTWAEDAYTWY 200000
YHSTYREISTNTYEDTLYIRSNFYTWAVDAYTWH 200000
YHSTYREISTNTYEDTLYIRSNFYTWAVDAYTWY 200000
YHSTYREISTNTYEDTLYIRSNFYTWTVDAYTWY 200000
YHSTYREISTNTYEDTLYIRYNFYTWAVDAYTWY 200000
YHSTYREISTNTYEDTLYIRYNYYTWAVDAYTWY 200000
YHSTYREISTNTYEDTLYLNYHDYTWAVLAYEWY 200000
YHSTYREISTNTYEDTLYLSYDYYTWAERAYEWY 200000
YHSTYREISTNTYEDTLYLSYDYYTWAVDAYTWY 200000
YHSTYREISTNTYENTAYIRSNFYTWAVDAYTWY 200000
YHSTYREISTNTYESNLYIRSNFYTWAVDAYTWY 200000
YHSTYREISTNTYESNLYLRYDSYTWAVLAYTWH 200000
YHSTYRNICTNTYESNLYLRYDSYTWAVLAYTWH 200000
YHSTYRNIFTNTYESNLYLRYDSYTWAVLAYTWH 200000
YHSTYRNISTNTDESNLYLRYDSYTWAVLAYTWH 200000
YHSTYRNISTNTYEDTLYIRSNFYTWAVDAYTWY 200000
YHSTYRNISTNTYENNLYLRYDSYTWAVLAYTWH 200000
YHSTYRNISTNTYENTAYLRYDSYTWAVLAYTWH 200000
YHSTYRNISTNTYESNLYISYDSYTWAVLAYTWH 200000
YHSTYRNISTNTYESNLYLMFDSYTWAVLAYTWH 200000
YHSTYRNISTNTYESNLYLNYDSYTWAVLAYTWH 200000
YHSTYRNISTNTYESNLYLRCDSYTWAVLAYTWH 200000
YHSTYRNISTNTYESNLYLRSDSYTWAVLAYTWH 200000
YHSTYRNISTNTYESNLYLRYDSYTWAELAYTWH 200000
YHSTYRNISTNTYESNLYLRYDSYTWAERAYEWY 200000
YHSTYRNISTNTYESNLYLRYDSYTWAERAYTWH 200000
YHSTYRNISTNTYESNLYLRYDSYTWAEWAYTWH 200000
YHSTYRNISTNTYESNLYLRYDSYTWAVLAYEWH 200000
YHSTYRNISTNTYESNLYLRYDSYTWAVLAYEWY 200000
YHSTYRNISTNTYESNLYLRYDSYTWAVLAYLWH 200000
YHSTYRNISTNTYESNLYLRYDSYTWAVLAYTWH 200000
YHSTYRNISTNTYESNLYLRYDSYTWAVLAYTWY 200000
YHSTYRNISTNTYESNLYLRYDSYTWAVRAYTWH 200000
YHSTYRNISTNTYESNLYLRYESYTWAVLAYTWH 200000
YHSTYRNISTNTYESNLYLRYNYYTWAVLAYTWH 200000
YHSTYRNISTNTYESNLYLSYDSYTWAVLAYTWH 200000
YHSTYRNISTNTYESNLYLWYDSYTWAVLAYTWH 200000
YHSTYRNISTNTYVSNLYLRYDSYTWAVLAYTWH 200000
YHSVYRQIAEHASSNVINFWSEFYIWEVYAYEWY 200000
YHSYYRNIAGNIFVNTAYFRYEYYTWADDAYTWY 200000
YHTEFREICAKTDEDTLYLNYHDYTWAVLAYEWY 200000
YHTEHREICAKTDEDTLYLNYHDYTWAVLAYEWY 200000
YHTEYREICAKTDEDIAYLNYHDYTWAVLAYEWY 200000
YHTEYREICAKTDEDNLYLNYHDYTWAVLAYEWY 200000
YHTEYREICAKTDEDTLYIRYHDYTWAVLAYEWY 200000
YHTEYREICAKTDEDTLYLNYDSYTWAVLAYEWY 200000
YHTEYREICAKTDEDTLYLNYHDYTWAELAYEWY 200000
YHTEYREICAKTDEDTLYLNYHDYTWAVDAYLSY 200000
YHTEYREICAKTDEDTLYLNYHDYTWAVLAYESY 200000
YHTEYREICAKTDEDTLYLNYHDYTWAVLAYEWY 200000
YHTEYREICAKTDEDTLYLNYHDYTWAVLAYLWY 200000
YHTEYREICAKTDEDTLYLNYHDYTWAVLAYTWH 200000
YHTEYREICAKTDEDTLYLNYHDYTWAVRAYEWY 200000
YHTEYREICAKTDEDTLYLNYHHYTWAVLAYEWY 200000
YHTEYREICAKTDEDTLYLNYHYYTWAVLAYEWY 200000
YHTEYREICAKTDEDTLYLNYNFYTWAVLAYEWY 200000
YHTEYREICAKTDEDTLYLNYNYYTWAVLAYEWY 200000
YHTEYREICAKTDEDTLYLSYDYYTWAVLAYEWY 200000
YHTEYREICAKTDEDTLYLSYHDYTWAVLAYEWY 200000
YHTEYREICAKTDEDTLYLSYNYYTWAVLAYEWY 200000
YHTEYREICAKTDEDTLYWTYHDYTWAVLAYEWY 200000
YHTEYREICAKTDENIAYIRYHDYTWAVLAYEWY 200000
YHTEYREICAKTDENIAYLNYHDYTWAVLAYEWY 200000
YHTEYREICAKTDENIAYLNYHDYTWAVLAYTWH 200000
YHTEYREICAKTDESNLYLNYHDYTWAELAYEWY 200000
YHTEYREICAKTDESNLYLNYHDYTWAVLAYEWY 200000
YHTEYREICAKTDESNLYLSYNYYTWAVLAYEWY 200000
YHTEYREICAKTDESTLYLNYDYYTWAELAYEWY 200000
YHTEYREICAKTDESTLYLNYHDYSLAVLAYEWY 200000
YHTEYREICAKTDESTLYLNYHDYTWAELAYEWY 200000
YHTEYREICAKTDESTLYLNYHDYTWAELAYLWY 200000
YHTEYREICAKTDESTLYLNYHDYTWAELAYTWY 200000
YHTEYREICAKTDESTLYLNYHDYTWAEWAYLWY 200000
YHTEYREICAKTDESTLYLNYHDYTWAVLAYEWY 200000
YHTEYREICAKTDESTLYLNYNYYTWAELAYEWY 200000
YHTEYREICAKTDESTLYLRYDYYTWAELAYEWY 200000
YHTEYREICAKTDESTLYLSYNYYSWAELAYEWY 200000
YHTEYREICAKTDESTLYLSYNYYTWAVLAYEWY 200000
YHTEYREICAKTYENTAYLNYHDYTWAVLAYEWY 200000
YHTEYREICAKTYESNLYLNYHDYTWAVLAYEWY 200000
YHTEYREICAQTDESNLYLNYHDYTWAVLAYEWY 200000
YHTEYREICAQTDESTLYLNYHDYTWAVLAYEWY 200000
YHTEYREICTNTDEDTLYLNYHDYTWAVLAYEWY 200000
YHTEYREICTNTDESNLYLNYHDYTWAVLAYEWY 200000
YHTEYREISTNTYEDTLYLNYHDYTWAVLAYEWY 200000
YHTEYREISTNTYESNLYLNYHDYTWAELAYEWY 200000
YHTEYREISTNTYESNLYLRYNYYSLAVLAYEWY 200000
YHTEYREISTNTYESNLYWTYNYYTWAVLAYEWY 200000
YHTEYRNICAKTDVGNLYWTYNFYTWAVLAYEWH 200000
YHTEYRNIFTNTYESTLYLNYHDYTWAVLAYEWY 200000
YHTKYDEISENLYKDTLYIAYRDYTWEYLNYRGY 200000
YHTKYEEISANNYENTLYIKYDDYTWAVHAYESY 200000
YHTKYEEISANTYESNLYFRFSYYTWAEFTYRWY 200000
YHTKYEEISANTYESNLYYRYSYYTWAVFTYRWY 200000
YHTKYPEISTNTYESNLYLSYNYYTWAVLAYEWY 200000
YHTKYREICTNTYESNLYWTYNYYTWAVLAYEWY 200000
YHTKYREIFTNTYENIAYLSYNYYTWAVLAYEWY 200000
YHTKYREIFTNTYESNLYLRYNYYSLAVLAYEWY 200000
YHTKYREISANTYENTAYFTYDYYTWAVHAYEWY 200000
YHTKYREISANTYENTAYFTYDYYTWAVHTYEWY 200000
YHTKYREISANTYESILYYRYEFYTWAVIAYEWY 200000
YHTKYREISDYRYVGTLYYRYDFYTWAAESYTWY 200000
YHTKYREISENKYEAILYYRYTFYTWAEFNYRWY 200000
YHTKYREISENVYGSNLYFLYMDYTWAVFNYRGY 200000
YHTKYREISENVYGSNLYLLYTFYSMADRNYRGY 200000
YHTKYREISENVYGSNLYYDYDYYTWAVFNYRGY 200000
YHTKYREISENWYEANLYYRYTFYTWAEFNYRGY 200000
YHTKYREISENWYEATLYLEYEYYSMAAFNYRSY 200000
YHTKYREISTNIYESNLYLRYNYYSLAVLAYEWY 200000
YHTKYREISTNTDESNLYLRYNYYSLAVLAYEWY 200000
YHTKYREISTNTDESNLYLSYNYYTWAVLAYEWY 200000
YHTKYREISTNTYDSNLYLSYNYYTWAVLAYEWY 200000
YHTKYREISTNTYEGILYFRFSYYTWAEFTYRWY 200000
YHTKYREISTNTYEGILYYRYSYYTWAVFTYLWY 200000
YHTKYREISTNTYENIAYLRYNYYSLAVLAYEWY 200000
YHTKYREISTNTYENIAYLSYNYYTWAVLAYEWY 200000
YHTKYREISTNTYENIAYWRYDSYTWAELAYLWY 200000
YHTKYREISTNTYENIAYWRYNLYTWAELAYEWY 200000
YHTKYREISTNTYENIAYWRYNLYTWAELAYLWH 200000
YHTKYREISTNTYENIAYWRYNLYTWAELAYLWY 200000
YHTKYREISTNTYENIAYWRYNLYTWAVDAYLSY 200000
YHTKYREISTNTYENNLYLSYNYYTWAVLAYEWY 200000
YHTKYREISTNTYENTAYFRFSYYTWAEFTYRWY 200000
YHTKYREISTNTYENTAYIRYDDYTWAVDAYLSY 200000
YHTKYREISTNTYENTAYIRYDDYTWAVLAYLSY 200000
YHTKYREISTNTYENTAYLRYNYYSLAVLAYEWY 200000
YHTKYREISTNTYENTAYWRYNLYTWAELAYLWY 200000
YHTKYREISTNTYENTAYWTYNYYTWAVLAYEWY 200000
YHTKYREISTNTYESIAYWTYNYYTWAVLAYEWY 200000
YHTKYREISTNTYESKLYLRYNYYSLAVLAYEWY 200000
YHTKYREISTNTYESKLYWRYNYYTWAVDAYTWY 200000
YHTKYREISTNTYESNLHLRYNYYSLAVLAYEWY 200000
YHTKYREISTNTYESNLYIRYDSYSLAVLAYEWY 200000
YHTKYREISTNTYESNLYIRYDSYTWAVLAYLWY 200000
YHTKYREISTNTYESNLYIRYDYYTWAVLAYEWY 200000
YHTKYREISTNTYESNLYIRYNYYTWAELAYLWH 200000
YHTKYREISTNTYESNLYIRYNYYTWAVLAYEWY 200000
YHTKYREISTNTYESNLYIVYNYYSLAVLAYEWY 200000
YHTKYREISTNTYESNLYLRFNYYSLAVLAYEWY 200000
YHTKYREISTNTYESNLYLRSDSYSLAVLAYEWY 200000
YHTKYREISTNTYESNLYLRYDSYSLAVLAYEWY 200000
YHTKYREISTNTYESNLYLRYDSYTWAVLAYEWY 200000
YHTKYREISTNTYESNLYLRYDYYSLAVLAYEWY 200000
YHTKYREISTNTYESNLYLRYHDYSLAVLAYEWY 200000
YHTKYREISTNTYESNLYLRYNFYSLAVLAYEWY 200000
YHTKYREISTNTYESNLYLRYNFYTLAVLAYEWY 200000
YHTKYREISTNTYESNLYLRYNLYSLAVLAYEWY 200000
YHTKYREISTNTYESNLYLRYNSYSLAVLAYEWY 200000
YHTKYREISTNTYESNLYLRYNYYSLAVLAYESY 200000
YHTKYREISTNTYESNLYLRYNYYSLAVLAYEWH 200000
YHTKYREISTNTYESNLYLRYNYYSLAVLAYEWY 200000
YHTKYREISTNTYESNLYLRYNYYSLAVLAYLWY 200000
YHTKYREISTNTYESNLYLRYNYYSLAVRAYEWY 200000
YHTKYREISTNTYESNLYLRYNYYSWAELAYTWH 200000
YHTKYREISTNTYESNLYLRYNYYSWAERAYEWY 200000
YHTKYREISTNTYESNLYLRYNYYSWAVLAYEWY 200000
YHTKYREISTNTYESNLYLRYNYYTLAVLAYEWY 200000
YHTKYREISTNTYESNLYLRYNYYTWAELAYLWY 200000
YHTKYREISTNTYESNLYLRYNYYTWAVDAYEWY 200000
YHTKYREISTNTYESNLYLRYNYYTWAVDAYTWY 200000
YHTKYREISTNTYESNLYLRYNYYTWAVLAYEWY 200000
YHTKYREISTNTYESNLYLSFNYYTWAVLAYEWY 200000
YHTKYREISTNTYESNLYLSYDSYTWAVLAYEWY 200000
YHTKYREISTNTYESNLYLSYDYYSLAVLAYEWY 200000
YHTKYREISTNTYESNLYLSYDYYTWAERAYEWY 200000
YHTKYREISTNTYESNLYLSYDYYTWAVDAYTWY 200000
YHTKYREISTNTYESNLYLSYDYYTWAVLAYEWY 200000
YHTKYREISTNTYESNLYLSYNLYTWAVLAYLWY 200000
YHTKYREISTNTYESNLYLSYNNYTWAVLAYEWY 200000
YHTKYREISTNTYESNLYLSYNSYTWAVLAYEWY 200000
YHTKYREISTNTYESNLYLSYNYYIWAVLAYEWY 200000
YHTKYREISTNTYESNLYLSYNYYSLAVLAYEWY 200000
YHTKYREISTNTYESNLYLSYNYYSWAVLAYEWY 200000
YHTKYREISTNTYESNLYLSYNYYTWAELAYLWY 200000
YHTKYREISTNTYESNLYLSYNYYTWAERAYEWY 200000
YHTKYREISTNTYESNLYLSYNYYTWAVDAYTWY 200000
YHTKYREISTNTYESNLYLSYNYYTWAVLAHEWY 200000
YHTKYREISTNTYESNLYLSYNYYTWAVLAYEWY 200000
YHTKYREISTNTYESNLYLSYNYYTWAVLAYTWY 200000
YHTKYREISTNTYESNLYWRYDSYTWAVDAYLSY 200000
YHTKYREISTNTYESNLYWRYNFYTWAELAYLWY 200000
YHTKYREISTNTYESNLYWRYNFYTWAVDAYLSY 200000
YHTKYREISTNTYESNLYWRYNLYTWAELAYLSY 200000
YHTKYREISTNTYESNLYWRYNLYTWAELAYLWY 200000
YHTKYREISTNTYESNLYWRYNLYTWAVDAYEWY 200000
YHTKYREISTNTYESNLYWRYNLYTWAVDAYLSY 200000
YHTKYREISTNTYESNLYWRYNLYTWAVDAYLWY 200000
YHTKYREISTNTYESNLYWRYNLYTWAVDAYTWY 200000
YHTKYREISTNTYESNLYWRYNLYTWAVDVYLSY 200000
YHTKYREISTNTYESNLYWRYNYYTWAVDAYTWY 200000
YHTKYREISTNTYESNLYWTYDYYTWAVLAYEWY 200000
YHTKYREISTNTYESNLYWTYNFYTWAVLAYEWY 200000
YHTKYREISTNTYESNLYWTYNYYTWAELAYEWY 200000
YHTKYREISTNTYESNLYWTYNYYTWAVLAYEWY 200000
YHTKYREISTNTYESTAYWRYNLYTWAVDAYLSY 200000
YHTKYREISTNTYVSNLYLRYNYYSLAVLAYEWY 200000
YHTKYREIYAQTDESNLYWRYNLYTWAVDAYLSY 200000
YHTKYREIYTNTYESNLYLRYNYYSLAVLAYEWY 200000
YHTKYRNIFTNTYESNLYIRYNYYTWAVLAYEWY 200000
YHTKYRNIFTNTYESNLYLRYNYYSLAVLAYEWY 200000
YHTKYRNIFTNTYESNLYLSYNYYTWAVLAYEWY 200000
YHTKYRNISTNTYESNLYLRYNYYSLAVLAYEWY 200000
YHTKYWEISTNTYESNLYLSYNYYTWAVLAYEWY 200000
YHTMYREICAKTDEDTLYLNYHDYTWAVLAYEWY 200000
YHTMYREISTNTYENTAYIRYNLYTWAVLAYEWY 200000
YHTRYREISTNTYESNLYWRYNLYTWAELAYLWY 200000
YHTTYREICAKTDEDTLYLNYHDYTWAVLAYEWY 200000
YHTTYREISENWYEANLYLEYEYYSMAAFNYTWY 200000
YHTTYREISENWYEANLYLLYEYYSMAAFNYTWY 200000
YHTTYRNIFTNTYESNLYIRYDFYTWAVLAYLWY 200000
YHVMYEEKADNTHVSNLYLRYYFYTWAVLAHPWY 200000
YHYMYEEIAANTDADTLYYWSRDYTWAYFAYEWY 200000
YHYMYEERAANTDVDTLYIWSRDYTWTYFAYTWY 200000
YIAMYEEKVETTFVSNLYYWYHFYTWAVMAYQCY 200000
YLAMYRENMAFTYENIAYLTYRFYTWAERAYLWY 200000
YLAMYRNNANTTFVNNLYVEHMYYSMAEQNYTWY 200000
YLEMYQEKAGNFFVSNLYLLSMFYSMAEQNYRWY 200000
YLIMYRENSETTFANTAYVEYMDYTWADWNYRGY 200000
YLIMYRENSETTFANTAYVEYMDYTWADWNYRWY 200000
YLIVYEERADHFFRGALYFEYEFYSWASYNYEWY 200000
YLTMYQEIQENTFANTLYIWHNHYTWAEFNYELH 200000
YLTMYQEIQENTFANTLYIWHNHYTWTAFNYKLH 200000
YLTMYRENVAFTYENIAYITFRYYTWAVHAYLWY 200000
YLTMYRENVASTYENIAYLTYRFYTWAVHAYLWY 200000
YNAMYEMDAESESLCNLYLVFWKYTWSQQNYKWH 200000
YNEMYRNNAGNDSVGTLYLWYMYYSMAVQNYTWY 200000
YSAEYRNIYDTTFVYALYLWSWFYTWAAENYRGY 200000
YSAEYRNIYDTTFVYTLYLWSMFYTWANENYEGY 200000
YSAEYRNIYDTTFVYTLYLWSMFYTWANENYEWH 200000
YSAEYRNIYDTTFVYTLYLWSMFYTWANENYEWY 200000
YSAEYRNIYDTTFVYTLYLWSWFYTWANGNYEGY 200000
YSAGYGEKYRQADVNKLYLRFNFYTWAERAYTWY 200000
YSAGYREKYRQADVNKLYFRFNFYTWAERAYTWY 200000
YSAGYREKYRQADVNKLYLRFDFYTWAERAYTWY 200000
YSAGYREKYRQADVNKLYLRFDSYTWAERAYTWY 200000
YSAGYREKYRQADVNKLYLRFNFYTLAALAYTWY 200000
YSAGYREKYRQADVNKLYLRFNFYTWAALAYTWY 200000
YSAGYREKYRQADVNKLYLRFNFYTWAAQAYTWY 200000
YSAGYREKYRQADVNKLYLRFNFYTWAARAYTWY 200000
YSAGYREKYRQADVNKLYLRFNFYTWAELAYTWY 200000
YSAGYREKYRQADVNKLYLRFNFYTWAEQAYTWY 200000
YSAGYREKYRQADVNKLYLRFNFYTWAERAYEWY 200000
YSAGYREKYRQADVNKLYLRFNFYTWAERAYLWY 200000
YSAGYREKYRQADVNKLYLRFNFYTWAERAYTWY 200000
YSAGYREKYRQADVNKLYLRFNFYTWAERPYTWY 200000
YSAGYREKYRQADVNKLYLRFNFYTWAVLAYLWY 200000
YSAGYREKYRQADVNKLYLRFNFYTWVERAYTWY 200000
YSAGYREKYRQADVNKLYLRYNFYTWAERAYTWY 200000
YSAGYREKYRQADVNKLYLWCNFYTWAERAYTWY 200000
YSAGYREKYRQADVNNLYLWFDSYTWAERAYTWY 200000
YSAGYREKYRQADVSNLYLRFNFYTWAERAYTWY 200000
YSAGYREKYRQADVSNLYLRSDSYTLAALAYTWY 200000
YSAGYREKYRQTDVNKLYLRFNFYTWAERAYTWY 200000
YSAGYREKYRQTDVNKLYLWFDSYTWAERAYTWY 200000
YSAGYREKYRQTDVSNLYLRFNFYTWAERAYTWY 200000
YSAGYREKYRQTDVSNLYLRYDSYTWAERAYTWY 200000
YSAGYREKYRQTDVSNLYLWFDSYTLAARAYTWY 200000
YSAGYREKYRQTDVSNLYLWFDSYTWAALAYTWY 200000
YSAGYREKYRQTDVSNLYLWFDSYTWAELAYTWY 200000
YSAGYREKYRQTDVSNLYLWFDSYTWAERAYLWY 200000
YSAGYREKYRQTDVSNLYLWFDSYTWAERAYTWY 200000
YSAGYREKYRQTDVSNLYLWFDSYTWAEWAYTWY 200000
YSAGYREKYRQTDVSNLYLWYDSYTWAERAYTWY 200000
YSAGYREKYRQTDVSNLYPWFDSYTWAERAYTWY 200000
YSAGYWEKYRQADVNKLYLRFNFYTWAERAYTWY 200000
YSAMYEEIADATFVGILYYWYHFYTWVEFAYRWY 200000
YSAMYEEKADISFVSNLYYWVHYYTWVGFAYRSY 200000
YSAMYEEKAGHTDENTLYLRSYRYTWAARAYRWY 200000
YSAMYEEKVAHADENIAYLMFHYYTWAVQAYTGY 200000
YSAMYEEKVAHIDENIAYLMFHYYTWAVQAYTGY 200000
YSAMYEEKVAHTDANTLYLMFHYYTWAVQAYTGY 200000
YSAMYEEKVAHTDEKIAYLMFHYYTWAVQAYTGY 200000
YSAMYEEKVAHTDENIAYIIYHYYTWAVQAYTGY 200000
YSAMYEEKVAHTDENIAYIMFHYYTWAVQAYTGY 200000
YSAMYEEKVAHTDENIAYIMYHYYTWAVQAYTGY 200000
YSAMYEEKVAHTDENIAYLIYHYYTWAVQAYTGY 200000
YSAMYEEKVAHTDENIAYLMFDDYTWAVQAYTGY 200000
YSAMYEEKVAHTDENIAYLMFDYYTWAVQAYTGY 200000
YSAMYEEKVAHTDENIAYLMFEHYTWAVQAYTGY 200000
YSAMYEEKVAHTDENIAYLMFHSYTWAVQAYTGY 200000
YSAMYEEKVAHTDENIAYLMFHYYPWAVQAYTGY 200000
YSAMYEEKVAHTDENIAYLMFHYYTWAAQAYTGY 200000
YSAMYEEKVAHTDENIAYLMFHYYTWAELAYTWY 200000
YSAMYEEKVAHTDENIAYLMFHYYTWAEQAYTGY 200000
YSAMYEEKVAHTDENIAYLMFHYYTWAVHAYTGY 200000
YSAMYEEKVAHTDENIAYLMFHYYTWAVLAYRGY 200000
YSAMYEEKVAHTDENIAYLMFHYYTWAVLAYTGY 200000
YSAMYEEKVAHTDENIAYLMFHYYTWAVLAYTWY 200000
YSAMYEEKVAHTDENIAYLMFHYYTWAVQAYEGY 200000
YSAMYEEKVAHTDENIAYLMFHYYTWAVQAYLGY 200000
YSAMYEEKVAHTDENIAYLMFHYYTWAVQAYRGY 200000
YSAMYEEKVAHTDENIAYLMFHYYTWAVQAYRWY 200000
YSAMYEEKVAHTDENIAYLMFHYYTWAVQAYTGY 200000
YSAMYEEKVAHTDENIAYLMFHYYTWAVQAYTWY 200000
YSAMYEEKVAHTDENIAYLMFHYYTWAVQPYTGY 200000
YSAMYEEKVAHTDENIAYLMFHYYTWAVRAYTGY 200000
YSAMYEEKVAHTDENIAYLMFHYYTWAVWAYTGY 200000
YSAMYEEKVAHTDENIAYLMFHYYTWAVWAYTWY 200000
YSAMYEEKVAHTDENIAYLMFHYYTWAVWVYTWY 200000
YSAMYEEKVAHTDENIAYLMFHYYTWVVQAYTGY 200000
YSAMYEEKVAHTDENIAYLMFNFYTWAVQAYTGY 200000
YSAMYEEKVAHTDENIAYLMFQDYTWAVQAYTGY 200000
YSAMYEEKVAHTDENIAYLMFRDYTWAVQAYTGY 200000
YSAMYEEKVAHTDENIAYLMYHYYTWAVQAYTGY 200000
YSAMYEEKVAHTDENIAYLRFHYYTWAVQAYTGY 200000
YSAMYEEKVAHTDENIAYLWIHYYTWAVQAYTGY 200000
YSAMYEEKVAHTDENIAYVMFHYYTWAVQAYTGY 200000
YSAMYEEKVAHTDENIAYVRYHYYTWAVQAYTGY 200000
YSAMYEEKVAHTDENTLYIIYEHYTWARLAYTWY 200000
YSAMYEEKVAHTDESIAYLMFHYYTWAVQAYTGY 200000
YSAMYEEKVAHTDVDTLYLMFHYYTWAVQAYTGY 200000
YSAMYEEKVAHTHENIAYLMFHYYTWAVLAYTGY 200000
YSAMYEEKVAHTHENIAYLMFHYYTWAVQAYTGY 200000
YSAMYEEKVAHTHVDTLYLMFHYYTWAVQAYTGY 200000
YSAMYEEKVAQTDENIAYLMFHYYTWAVLAYTGY 200000
YSAMYEEKVAQTDENIAYLMFHYYTWAVQAYTGY 200000
YSAMYEEKVAQTDVDTLYLMFHYYTWAVQAYTGY 200000
YSAMYEEKVDNTYVNTLYLSFRDYTWAAMSYLSY 200000
YSAMYEEKVDTTYVNTLYLSSHYYSWAVRSYLSY 200000
YSAMYEENTAHTDMNTLYLWIEYYSCAVRAHTWY 200000
YSAMYEENTAHTDMNTLYLWIEYYSCAVRAYTWY 200000
YSAMYEESVAFTDANTLYILFEHYTCAALAYTWY 200000
YSAMYEESVAFTDANTLYILFEHYTWAADAYTWY 200000
YSAMYEESVAFTDANTLYILFEHYTWAAQAYTWY 200000
YSAMYEESVAFTDANTLYILFRYYTWAAQAYTWY 200000
YSAMYEESVAFTDVDTLYILFELYTWAEWAYRWY 200000
YSAMYEESVAFTDVDTLYILFRDYTWAAWAYTGY 200000
YSAMYEESVAQTDVDTLYILFRDYTWAAWAYTGY 200000
YSAMYEESVASTDANTLYILFEHYTWAALAYTWY 200000
YSAMYEESVASTDVDTLYIIYRDYTWAALAYTWY 200000
YSAMYEESVASTDVDTLYIIYRYYTWAALAYTWY 200000
YSAMYEESVASTDVDTLYILFRDYTWAALAYTWY 200000
YSAMYEESVASTDVDTLYILFRDYTWAAWAYTGY 200000
YSAMYEQKVAHTDENIAYLMFHYYTWAVQAYTGY 200000
YSAMYEQLADISFVGNLYLWYHFYTWAEMAYTWH 200000
YSAMYEQLADNSFVSNLYLWSHFYTWAEMAYTWH 200000
YSAMYEQLAEATFVGNLYLWYHFYTWAEWAHTWH 200000
YSAMYEQRVEATFGNTAYFWFDSYTWAELAYEWY 200000
YSAMYEQRVEATFGNTAYFWFEYYTWAEMAYEWY 200000
YSAMYGEKVAHTDENIAYLMFHYYTWAVQAYTGY 200000
YSAMYGEKVAHTDENTLYIIYEHYTWARLAYTWY 200000
YSAMYGEKVAHTHENIAYLMFHYYTWAVQAYTGY 200000
YSAMYGEKVAHTHVDTLYLMFHYYTWAVQAYTGY 200000
YSAMYGEKVAHTHVDTLYVRYHYYTWAVLAYTWY 200000
YSAMYQEKVAHTDENIAYLMFHYYTWAVQAYTGY 200000
YSAMYQENMAFIYANTLYILFEHYTWAAWAYRGY 200000
YSAMYQENMAHTDANTLYIIYRDYTWVARVYRGY 200000
YSAMYQENMAHTDANTLYLMFHYYTWAVQAYTGY 200000
YSAMYQENMAHTDANTLYVRYRDYTWVARVYRGY 200000
YSAMYQENMAHTDENIAYLMFHYYTWAVLAYTGY 200000
YSAMYQENVAHTDENTLYIIHEHYTWARLAYTWY 200000
YSAMYQENVAHTDENTLYIIYEHYTWARLAYTWY 200000
YSAMYQENVAHTDENTLYIIYEHYTWAVLAYTWY 200000
YSAMYQENVAHTDENTLYIIYEHYTWAVWAYTSY 200000
YSAMYQENVAHTDENTLYIIYEHYTWAVWAYTWY 200000
YSAMYQENVAHTDENTLYIVYEHYTWARLAYTWY 200000
YSAMYQENVAHTDESIAYIMYQDYTWAVLAYTWY 200000
YSAMYQENVAHTHVDTLYIIYEHYTWARLAYTWY 200000
YSAMYQENVAQTDENTLYIIYEHYTWARLAYTWY 200000
YSAMYQENVAQTDVDTLYIIYEHYTWAVWAYTWY 200000
YSAMYQENVAQTDVDTLYIIYEHYTWAWLAYTWY 200000
YSAMYQENVAQTDVDTLYIIYRDYTWAELAYTWY 200000
YSAMYQENVAQTDVDTLYIIYRDYTWAWLAYTWY 200000
YSAMYQENVAQTEVDTLYIIYEHYTWAWLAYTWY 200000
YSAMYQENVAQTHVDTLYIIYEHYTWAWLAYTWY 200000
YSAMYQENVARTDVDTLYIIYEHYTWAWLAYTWY 200000
YSAMYQESVAFTDANTLYIIYRDYTWAAWAYTGY 200000
YSAMYQESVAGIYANTLYIIFELYTWAARAYTWY 200000
YSAMYQESVAGIYANTLYILFELYTWAARAYTWY 200000
YSAMYQESVASTDANTLYIIYRDYTWAAWAYTGY 200000
YSAMYREKQDTTFVNTAYLSYSDYTWAVMSYLSY 200000
YSAMYRENAANTDVNTLYLMHHQYTWDYFAYEWY 200000
YSAMYRENVGSTDVNTLYISYRDYTWAVESYTWY 200000
YSAMYRENVGSTDVNTLYISYSDYTWAVMSYLGY 200000
YSAMYRENVGSTDVSNLYLVYRFYSFAVESYLGY 200000
YSAMYRESAANTDVNTLYLMHHQYTWDYFAYEWY 200000
YSAMYRESVAGIYANTLYILFELYTWVAQAYRSY 200000
YSAMYRESVAGTDANTLYIIYRDYTWAAWAYTGY 200000
YSAMYRESVASTDANTLYILFRDYTWVAQAYRSY 200000
YSAMYRNNVAHTDANTLYIRYQDYTWAEWAYRWY 200000
YSAMYRNNVAHTDENIAYLMFHYYTWAVQAYTGY 200000
YSAMYRNNVAQTDENIAYLMFHYYTWAVLAYTGY 200000
YSAMYRNNVAQTDVDTLYIMYRDYTWAVWAYTWY 200000
YSAMYRNNVGSINVNTLCLWYDFYPWAAWSYTSY 200000
YSAMYRNNVGSINVNTLYLWYDFYSWAAWSYTSY 200000
YSEMYEARAANTHGNTAYLWYEFYTWAALAYKWY 200000
YSEMYEARAGNTHGNTAYLWYEFYTWAALAYKWY 200000
YSEMYEEIAANTDGNTLYVISHHYTWAERAYGWY 200000
YSEMYEERAANTDVDTLYIWYHSYTWDYFAYTSH 200000
YSEMYEERAANTDVDTLYIWYHSYTWDYFAYTWY 200000
YSEMYEERAGHTEGNTAYLWYDLYTWAEWAYEWY 200000
YSEMYEERAGIVFVNTLYLWCWFYSMAAGKYTWY 200000
YSEMYEERAGNTFVGNLYYWYDFYTWAEQAYTWY 200000
YSEMYEERAGNTFVNTAYIGYHHYTWAVLAYRWY 200000
YSEMYEERAGTTFVCTAYIWYNHYTWAEFAYKSY 200000
YSEMYEETAANTEVNTAYIRYRDYTWDYMVYRWY 200000
YSEMYEQIAANTEGNTAYLRYHLYTWAEWAYRWY 200000
YSEMYEQIAGHTEGNTAYIWYHLYTWAEWAYEWY 200000
YSEMYEQNAANTDVSNLYVIYHFYTWDYFAYRWY 200000
YSEMYEQNSARTDVDTLYITYRDYTWAAQAYRSY 200000
YSEMYEQRAGHTEGNTAYLWYDLYTWAEWAYEWY 200000
YSEMYQEKAGTSSVGTLYLAYMFYSMAVQNYEWY 200000
YSEMYQEKAGTTFANIAYFWYMYYTWAEQNYTWY 200000
YSEMYQERAGNTFVDTLYLWYMDYTWAEQNYTWY 200000
YSEMYRERAGNFFVSNLYLWSMFYSMAEQNYRWY 200000
YSEMYRERAGNIFVSNLYFWYEYYTWAAQNYRWY 200000
YSEMYRERAGNIFVSNLYFWYMYYTWAAQNYRWY 200000
YSEMYRERAGNIFVSNLYFWYMYYTWAEQNYRWY 200000
YSEMYRERAGNTFVGTLYLWYMDYSRAVQNYRWY 200000
YSEMYRERAGNTFVNTLYIWYRDYTWAAENYTWY 200000
YSEMYRERAGNTFVNTLYIWYRDYTWAEQNYTWY 200000
YSEMYRERAGNTFVNTLYIWYRDYTWAVFNYLGY 200000
YSEMYRERVGNTFGSNLYLWYSFYSWAARSYTWY 200000
YSEMYRNNAGHTFGNTAYLWYHFYTWAEQAYEWY 200000
YSEMYRNNAGNSFVGTLYLLYMDYSRAVQNYRWY 200000
YSEMYRNNAGNSFVGTLYLWSMFYTWEYQNYRWH 200000
YSEMYRNNAGNSFVGTLYLWSMYYTWEYQNYEWH 200000
YSEMYRNNAGNSFVNTLYLWSMYYTWAYQNYEWY 200000
YSEMYRNNAGNTFGNTVYLWYHLYTWAEQAYEWH 200000
YSEMYRNNAGNTFGSNLYFLYTYYTWAEWNYTWH 200000
YSEMYRNNAGNTFGSNLYFWYMYYTWAEQNYTWH 200000
YSEMYRNNSVTTFVGNLYLWYHFYTWAEMAYTWH 200000
YSEMYRNRAANTHGNTAYIKYYDYTWAALAYTWY 200000
YSEMYRNRAGHTHGNTLYVICHHYTWAEWAYGWY 200000
YSEMYRNRAGHTHGNTLYVISHHYTWAEWAYGWY 200000
YSEMYRNRAGNTEGSTLYFRYDSYTWAERAYTWH 200000
YSEMYRNRAGNTFGNTAYIWYHFYTWAEQAYEWY 200000
YSEMYRNSAGHTHGNTLYVISHHYTWAEWAYGWY 200000
YSIAYEEIVDTTFANTAYLPYSDYTWTYLNYTWY 200000
YSIAYEQIVDTTFANTAYIAYSDYTWEYLNYTWY 200000
YSIMYRERAGNFFVSNLYLWSMFYSMAEQNYRWY 200000
YSIVYQNNAGTTFANTLYLLYMYYTWAAHNYEWY 200000
YSSEYEEKAGSTFVGNLCLSYHDYSRAVWSYLSC 200000
YSSEYEENAGHTDADNLYLTYHYYTWAEVAYTWY 200000
YSSEYEERAGHTDADTLYLTYHYYTWAEVAYTWY 200000
YSSEYEQNTAHNHVCTVYLRFNYYTWTYFAYTSH 200000
YSSEYQNICADTLESNLYVKYSYYTWAVWAYEWY 200000
YSSEYRNICAANAVANLYYRYDFYTWAAMAYLWY 200000
YSSEYRNICAENAVANLYFNYEFYTWAAHTYEWY 200000
YSSEYRNICAETYESNLYFNYDYYTWAAHTYEWY 200000
YSSEYRNICAETYESNLYFNYEFYTWAAHTYRSY 200000
YSSEYRNICAETYESNLYFNYSYYTWAAHTYEWY 200000
YSSGYREKYRQTDVSNLYLWFDSYTWAERAYTWY 200000
YSSMYEAIAARTDVDTLYITYRDYTWDYFAYRWY 200000
YSSMYEEKADVSFVGTLYYWVHYYTWAEFAYPWY 200000
YSSMYEEKADVSFVGTLYYWVHYYTWVEFAYPWY 200000
YSSMYEQIADATFVGILYYWVHFYTWVEFAYRWY 200000
YSSMYEQIADLTFVDTAYFWFHFHTWAEWAHTWY 200000
YSSMYEQIADLTFVDTAYFWFHFYTWAEWADTWY 200000
YSSMYEQIAEATFVSNLYLWYHFYTWAEWAHTWH 200000
YSSMYEQLADFSFVGNLYLWYHFYTWAEVAHTWH 200000
YSSMYEQLADISFVGNLYIWYHFYTWAEMAHTWH 200000
YSSMYEQLADISFVGNLYLWYHFYTWAEMAHTWH 200000
YSSMYEQLADISFVGNLYLWYHFYTWAEMAHTWY 200000
YSSMYEQLADISFVGNLYLWYHFYTWAEMAYTWH 200000
YSSMYEQLADVTFVGNLYLWSHFYTWAEWAHTWH 200000
YSSMYEQLAEAIFVGNLYLWYHFYTWAEWAHTWH 200000
YSSMYEQLAEATFVGNLYLWYHFYTWAEWAHTWH 200000
YSSMYEQLANIFFVGNLYLWYHFYTWAEMAHTWY 200000
YSSMYEQLANIFFVGTLYLWYHFYTWAEMAHTWY 200000
YSSMYRERAGNFFVSNLYLWSMFYSMAEQNYRWY 200000
YSSMYRERAGNTFVSNLYLWYDSYTWAVQAYTWH 200000
YSSMYRNKAAHTDVDTLYIMYRDYTWAVRAYLSY 200000
YSSVYEQIADLTFVDTAYFWFHFHTWAEWAHTWY 200000
YSTMYEEKVAHTDENIAYLMFHYYTWAVQAYTGY 200000
YSTMYEQLADISFVSNLYITYRDYTWDYFADRWY 200000
YSVMYEQRVDATFVSNLYLTSYQYTWAVWAYECY 200000
YSYMYEEKAARTDVDTLYIIYRDYTWAVWAYTWY 200000
YSYMYEEKAGHTDVDTLYIIYRDYTWAVDAYPWY 200000
YTAMYEARVGHTDGGILYYKSHRYTWAVKAYEWH 200000
YTAMYEEKVAHTDENIAYIMYQDYTWAVLAYTWY 200000
YTAMYEEKVAHTDENIAYLMFHYYTWAVQAYTGY 200000
YTAMYEENVAHIDVDTLYIMYQDYTWAVLAYTWY 200000
YTAMYEERAAHTDGGILYYKSYRYTWAALAYEWY 200000
YTAMYEQRAGHTDGGNLYYRSYRYTWAVKAYEWY 200000
YTAMYGEKVAHIDVDTLYIMYQDYTWAVLAYTWY 200000
YTAMYGEKVAHTHVDTLYVRYHYYTWAVLAYTWY 200000
YTAMYGENVAHIDVDTLYIMYQDYTWAVLAYTWY 200000
YTAMYLQHVAQTDANTLYIMYRDYTWAVLAYTWY 200000
YTAMYLQNVAHTDANTLYIMYRDYTWAVLAYTWY 200000
YTAMYLQNVAHTHVDTLYIMYRDYTWAVLAYTWY 200000
YTAMYLQNVAQTDANTLYIMYRDYTWAEQAYTWY 200000
YTAMYLQNVAQTDANTLYIMYRDYTWAVLAYTGY 200000
YTAMYLQNVAQTDANTLYIMYRDYTWAVLAYTWY 200000
YTAMYLQNVAQTDANTLYLMFRDYTWAVLAYTWY 200000
YTAMYLQNVAQTDANTLYVRYRDYTWAVLAYTWY 200000
YTAMYLQNVAQTDESIAYIMYRDYTWAVLAYTWY 200000
YTAMYQEKVAHIDVDTLYIMYQDYTWAVLAYTWY 200000
YTAMYQEKVAHTDENIAYIMYQDYTWAVLAYTWY 200000
YTAMYQENVAHIDGDTLYIMYQDYTWAVLAYTWY 200000
YTAMYQENVAHIDVDTLYIIYRDYTWAVLAYTWY 200000
YTAMYQENVAHIDVDTLYIKYQDYTWAVLAYTWY 200000
YTAMYQENVAHIDVDTLYIMYQDYTWAAQAYRWY 200000
YTAMYQENVAHIDVDTLYIMYQDYTWAVLAYRWY 200000
YTAMYQENVAHIDVDTLYIMYQDYTWAVLAYTGY 200000
YTAMYQENVAHIDVDTLYIMYQDYTWAVLAYTRY 200000
YTAMYQENVAHIDVDTLYIMYQDYTWAVLAYTWY 200000
YTAMYQENVAHIDVDTLYIMYQDYTWAVWAYTWY 200000
YTAMYQENVAHIDVDTLYIMYRDYTWAVLAYTWY 200000
YTAMYQENVAHIDVDTLYLMFQDYTWAVLAYTWY 200000
YTAMYQENVAHINVDTLYIMYQDYTWAVLAYTWY 200000
YTAMYQENVAHTDENIAYIMYQDYTWAVLAYTWY 200000
YTAMYQENVAQTDANTLYIMYRDYTWAVLAYTWY 200000
YTAMYQENVAQTDVDTLYIIYRDYTWAAQAYRWY 200000
YTAMYQENVARIDVDTLYIMYQDYTWAVLAYTWY 200000
YTAMYQENVGHIDVDTLYIMYQDYTWAVLAYTWY 200000
YTAMYQENVTHIDVDTLYIMYQDYTWAVLAYTWY 200000
YTAMYREKMTETSGNTLYIRVEFYTWAVMAYTWY 200000
YTAMYRNNVAHIDADTLYIMYQDYTWAVLAYTWY 200000
YTAMYRNNVAHIDVDTLYIMYQDYTWAELAYTWY 200000
YTAMYRNNVAHIDVDTLYIMYQDYTWAVLAYTGY 200000
YTAMYRNNVAHIDVDTLYIMYQDYTWAVLAYTWH 200000
YTAMYRNNVAHIDVDTLYIMYQDYTWAVLAYTWY 200000
YTAMYRNNVAHIDVDTLYIMYRDYTWAVLAYTWY 200000
YTAMYRNNVAHIDVDTLYLMFHYYTWAVQAYTGY 200000
YTAMYRNNVAHIDVDTLYVRYQDYTWAVLAYTWY 200000
YTAMYRNNVAHTDANTLYIMYQDYTWAVLAYTWY 200000
YTAMYRNNVAHTDVDTLYIMYQDYTWAVLAYTWY 200000
YTAMYRNNVAHTHVDTLYIMYQDYTWAVLAYTWY 200000
YTAMYRNNVAQTDVDTLYIMYRDYTWAVWAYTWY 200000
YTELYEERAETTFVSTAYIWYDYYTWAEMAYRWY 200000
YTEMYEQNSANTHVDTAYLTYHYYTWAERAYRWY 200000
YTEMYEQNSGHTEENTLYIWYDSYTWAVLAYRWY 200000
YTEMYEQNSGHTHVNTAYIRYDFYTWAVLAYRWY 200000
YTEMYEQNSGHTHVNTAYIRYDFYTWAVMAYRWY 200000
YTEMYRNNSGHTHADTLYLKYHYYTWAERAYTWY 200000
YTEMYRNRAANTDGNTAYIWYHFYTWAEQAYEWH 200000
YTEMYRNRAGNTEGNTLYVRYHSYTWAEMAYEWH 200000
YTEMYRNRAGNTEGNTLYVRYHSYTWAEMAYEWY 200000
YTEMYRNSAGNTEGNTLYVRYHSYTWAEMAYEWH 200000
YTSEYRNICAATYENTLYLKYEFYTWAAHTYEWY 200000
YTSMYEARAGHTDGGNLYYRSHRYTWAVWAYEWH 200000
YTSMYEERAGHTDGGILYYRSHRYTWAVKAYEWY 200000
YVAFYEQRASDWFVSTAYFRFQFYTWADYAYEWY 200000
YVEYYREKAGNSFVDTLYIVSQYYTWAELAYTWY 200000
YVEYYRERAGNSFVDTAYLWAWFYTWAADAYEWY 200000
YYADYRNIYDTIFANTAYFEYMFYTWAEQNYRGY 200000
YYAEYEQRAEATHENTAYIKYHSYTWNYFAYEWY 200000
YYAEYQNICADTLENTLYITYDSYTWAVWAYESH 200000
YYAEYQNIYAENYEGILYLTYEFYTWAEQAYRSY 200000
YYAEYQNSYADNYEGTLYLTYDFYTWAELTYRSY 200000
YYAEYREISANTYESNLYITYEFYTWAEQAYRSY 200000
YYAEYREISAQTDESNLYWTYNLYTWAVLAYTWY 200000
YYAEYREISDTSFVGTLYIEYEYYTWAYLNYEGY 200000
YYAEYREISETTFVDSLYIAYRDYTWAYLNYRGY 200000
YYAEYREISETTFVDTLYIEYEYYTWAYLNYRGY 200000
YYAEYREISTNTYESNLYWTYNLYTWAVLAYTWY 200000
YYAEYREIYAQTDESNLYWTYNLYTWAELAYTWY 200000
YYAEYREKMTATYVNNLYVTYEYYTWAVDTYEWY 200000
YYAEYREKYGQTDESNLYWTYNLYTWAVLAYLWY 200000
YYAEYREKYRQTDESNLYWTYNLYTWAVLAYLWY 200000
YYAEYRNICTNTYESNLYIRYDSYTWAVLAYLWY 200000
YYAEYRNIFTNTDESNLYLSYNYYTWAVDAYTWY 200000
YYAEYRNIFTNTYENIAYWTYNFYTWAVLAYTWY 200000
YYAEYRNIFTNTYENIAYWTYNLYTWAVLAYLWY 200000
YYAEYRNIFTNTYENIAYWTYNLYTWAVLAYTWY 200000
YYAEYRNIFTNTYENIAYWTYNYYTWAVLAYTWY 200000
YYAEYRNIFTNTYESNLYIRYDSYTWAVLAYLWY 200000
YYAEYRNIYAENAVANLYYRYYDYTWAWIAYEWY 200000
YYAEYRNIYAENYEGILYIKYEFYTWAAHTYEWY 200000
YYAEYRNIYAENYESNLYVTYEYYTWAVDTYEWY 200000
YYAEYRNIYANTDESNLYWTYNLYTWAVLAYLWY 200000
YYAEYRNIYANTYESNLYWTYNLYTWAVLAYTWY 200000
YYAEYRNIYAQTDENIAYWTYNYYTWAELAYLWH 200000
YYAEYRNIYAQTDENNLYWTYNLYTWAVLAYTWY 200000
YYAEYRNIYAQTDENTAYWTYNLYTWAVLAYLWY 200000
YYAEYRNIYAQTDESNLYIRYDFYTWAVLAYLWY 200000
YYAEYRNIYAQTDESNLYIRYDSYTWAVLAYLWY 200000
YYAEYRNIYAQTDESNLYIRYNYYTWAVLAYTWY 200000
YYAEYRNIYAQTDESNLYIVYDSYTWAELAYTWY 200000
YYAEYRNIYAQTDESNLYLRYDSYTWAEWAYLWY 200000
YYAEYRNIYAQTDESNLYLRYDSYTWAVLAYTWY 200000
YYAEYRNIYAQTDESNLYLRYNLYTWAVLAYLWY 200000
YYAEYRNIYAQTDESNLYLRYNLYTWAVLAYTWY 200000
YYAEYRNIYAQTDESNLYLRYNYYTWAVLAYLWY 200000
YYAEYRNIYAQTDESNLYLSYDYYTWAERAYEWY 200000
YYAEYRNIYAQTDESNLYLSYNYYTWAVLAYTWY 200000
YYAEYRNIYAQTDESNLYWMYNLYTWAELAYTWY 200000
YYAEYRNIYAQTDESNLYWTYDSYTWAVLAYTWY 200000
YYAEYRNIYAQTDESNLYWTYDYYTWAVLAYTWY 200000
YYAEYRNIYAQTDESNLYWTYNFYTWAVLAYLWY 200000
YYAEYRNIYAQTDESNLYWTYNFYTWAVLAYTWY 200000
YYAEYRNIYAQTDESNLYWTYNLHTWAVLAYTWY 200000
YYAEYRNIYAQTDESNLYWTYNLYTWAELAYEWY 200000
YYAEYRNIYAQTDESNLYWTYNLYTWAELAYLWY 200000
YYAEYRNIYAQTDESNLYWTYNLYTWAELAYTWY 200000
YYAEYRNIYAQTDESNLYWTYNLYTWAERAYEWY 200000
YYAEYRNIYAQTDESNLYWTYNLYTWAEWAYTWY 200000
YYAEYRNIYAQTDESNLYWTYNLYTWAVDAYLWY 200000
YYAEYRNIYAQTDESNLYWTYNLYTWAVLAYEWY 200000
YYAEYRNIYAQTDESNLYWTYNLYTWAVLAYLWY 200000
YYAEYRNIYAQTDESNLYWTYNLYTWAVLAYTWY 200000
YYAEYRNIYAQTDESNLYWTYNLYTWAVRAYTWY 200000
YYAEYRNIYAQTDESNLYWTYNSYTWAVLAYTWY 200000
YYAEYRNIYAQTDESNLYWTYNYYTWAELAYLWH 200000
YYAEYRNIYAQTDESNLYWTYNYYTWAELAYTWY 200000
YYAEYRNIYAQTDESNLYWTYNYYTWAVDAYTWY 200000
YYAEYRNIYAQTDESNLYWTYNYYTWAVLAYLWY 200000
YYAEYRNIYAQTDVSNLYWTYNLYTWAELAYTWY 200000
YYAEYRNIYAQTYESNLYWTYNLYTWAELAYTWY 200000
YYAEYRNIYDTIFVDTLYIAYWFYTWAAWNYEWY 200000
YYAEYRNIYETIYGNTAYFSYSFYTWAARSYLSY 200000
YYAEYRNIYETTYVNTLYIIYRDYTWAVLSYRGY 200000
YYAGCREKYRQTDVNKLYLRYNFYTWAERAYTWY 200000
YYAGYGEKYRQTDVNKLYLWYDSYTWAAQAYTWY 200000
YYAGYPEKYRQADVSNLYLWYDSYTWAEWAYTWY 200000
YYAGYREIYRQADVNKLYLKYEFYTLAAWAYLWY 200000
YYAGYREKYCQTDVSNLYLRYNFYTWAERAYTWY 200000
YYAGYREKYRQADESNLYLWYDSYTWAEWAYTWY 200000
YYAGYREKYRQADVGNLYLWYDSYTWAEWAYTWY 200000
YYAGYREKYRQADVNKLYIRYDLYTWAELAYTWY 200000
YYAGYREKYRQADVNKLYIRYNFYSLAELAYEWY 200000
YYAGYREKYRQADVNKLYIRYNFYSLAELAYLWY 200000
YYAGYREKYRQADVNKLYLKYEFYTLAAWAYLWY 200000
YYAGYREKYRQADVNKLYLKYEFYTWAALAYLWY 200000
YYAGYREKYRQADVNKLYLRFNFYTWAELAYTWY 200000
YYAGYREKYRQADVNKLYLRFNFYTWAERAYTWY 200000
YYAGYREKYRQADVNKLYLRYDSYTWAELAYLWY 200000
YYAGYREKYRQADVNKLYLRYDSYTWAEWAYTWY 200000
YYAGYREKYRQADVNKLYLRYNFYTWAERAYTWY 200000
YYAGYREKYRQADVNKLYLSYDYYTLAALAYLWY 200000
YYAGYREKYRQADVNKLYLSYELYTWAERAYLWY 200000
YYAGYREKYRQADVNKLYLSYGYYTWAERAYLWY 200000
YYAGYREKYRQADVNKLYLWYDSYTWAAQAYTWY 200000
YYAGYREKYRQADVNKLYLWYDSYTWAEWAYTWY 200000
YYAGYREKYRQADVSKLYLRYDSYTWAEWAYEWY 200000
YYAGYREKYRQADVSNLYIRYDSYTWAEWAYTWY 200000
YYAGYREKYRQADVSNLYIRYDYYTWAELAYLWY 200000
YYAGYREKYRQADVSNLYIRYNFYTWAEDAYTSY 200000
YYAGYREKYRQADVSNLYLKYEFYTWAERAYLWY 200000
YYAGYREKYRQADVSNLYLRFDSYTWAEWAYTWY 200000
YYAGYREKYRQADVSNLYLRYDSYTLAALAYTWY 200000
YYAGYREKYRQADVSNLYLRYDSYTWAELAYTWY 200000
YYAGYREKYRQADVSNLYLRYDSYTWAEWAYTWY 200000
YYAGYREKYRQADVSNLYLRYNFYTWAERAYTWY 200000
YYAGYREKYRQADVSNLYLRYNFYTWATLAYTWY 200000
YYAGYREKYRQADVSNLYLSYDYYTLAALAYLWY 200000
YYAGYREKYRQADVSNLYLSYDYYTLAALAYTWY 200000
YYAGYREKYRQADVSNLYLSYDYYTLAARAYLWY 200000
YYAGYREKYRQADVSNLYLSYDYYTWAAHAYLWY 200000
YYAGYREKYRQADVSNLYLSYDYYTWAELAYLWY 200000
YYAGYREKYRQADVSNLYLWSDSYTWAEWAYTWY 200000
YYAGYREKYRQADVSNLYLWYDLYTWAEWAYTWY 200000
YYAGYREKYRQADVSNLYLWYDSYTWAAQAYTWY 200000
YYAGYREKYRQADVSNLYLWYDSYTWAECAYTWY 200000
YYAGYREKYRQADVSNLYLWYDSYTWAELAYTWY 200000
YYAGYREKYRQADVSNLYLWYDSYTWAERAYTWY 200000
YYAGYREKYRQADVSNLYLWYDSYTWAEWAYTWY 200000
YYAGYREKYRQADVSNLYLWYDYYTLAALAYLWY 200000
YYAGYREKYRQADVSNLYLWYDYYTLAALAYTWY 200000
YYAGYREKYRQADVSNLYLWYDYYTWAERAYLWY 200000
YYAGYREKYRQADVSNLYLWYNFYTWAEWAYTWY 200000
YYAGYREKYRQTDESNLYIRYDYYTWAELAYLWY 200000
YYAGYREKYRQTDVNKLHLRYDSYTWAEWAYEWY 200000
YYAGYREKYRQTDVNKLHLRYNFYTWAERAYTWY 200000
YYAGYREKYRQTDVNKLYIRYDLYTWAELAYTWY 200000
YYAGYREKYRQTDVNKLYIRYDSYTWAELAYTWY 200000
YYAGYREKYRQTDVNKLYIRYDYYTWAELAYLWY 200000
YYAGYREKYRQTDVNKLYIRYNFYTWAERAYTWY 200000
YYAGYREKYRQTDVNKLYLRYDFYTWAERAYTWY 200000
YYAGYREKYRQTDVNKLYLRYDLYTWAEWAYEWY 200000
YYAGYREKYRQTDVNKLYLRYDSYTWAALAYEWY 200000
YYAGYREKYRQTDVNKLYLRYDSYTWAAWAYEWY 200000
YYAGYREKYRQTDVNKLYLRYDSYTWAELAYEWY 200000
YYAGYREKYRQTDVNKLYLRYDSYTWAERAYEWY 200000
YYAGYREKYRQTDVNKLYLRYDSYTWAERAYTWY 200000
YYAGYREKYRQTDVNKLYLRYDSYTWAEWAYEWY 200000
YYAGYREKYRQTDVNKLYLRYDSYTWAEWAYTWY 200000
YYAGYREKYRQTDVNKLYLRYDSYTWAVLAYEWY 200000
YYAGYREKYRQTDVNKLYLRYDSYTWAVWAYEWY 200000
YYAGYREKYRQTDVNKLYLRYDYYTWAEWAYEWY 200000
YYAGYREKYRQTDVNKLYLRYHDYTWAEWAYEWY 200000
YYAGYREKYRQTDVNKLYLRYNFYTLAERAYTWY 200000
YYAGYREKYRQTDVNKLYLRYNFYTWAALAYTWY 200000
YYAGYREKYRQTDVNKLYLRYNFYTWAELAYLWY 200000
YYAGYREKYRQTDVNKLYLRYNFYTWAELAYTWY 200000
YYAGYREKYRQTDVNKLYLRYNFYTWAERAYLWY 200000
YYAGYREKYRQTDVNKLYLRYNFYTWAERAYTWY 200000
YYAGYREKYRQTDVNKLYLRYNFYTWAEWAYEWY 200000
YYAGYREKYRQTDVNKLYLRYNFYTWAEWAYTWY 200000
YYAGYREKYRQTDVNKLYLRYNFYTWATLAYTWY 200000
YYAGYREKYRQTDVNKLYLRYNFYTWAVRAYTWY 200000
YYAGYREKYRQTDVNKLYLWFDSYTWAEWAYEWY 200000
YYAGYREKYRQTDVNKLYLWYDSYTWAAQAYTWY 200000
YYAGYREKYRQTDVNKLYLWYDSYTWAERAYTWY 200000
YYAGYREKYRQTDVNKLYLWYDSYTWAEWAYEWY 200000
YYAGYREKYRQTDVNKLYLWYDSYTWAEWAYTWY 200000
YYAGYREKYRQTDVNKLYLWYNFYTWAERAYTWY 200000
YYAGYREKYRQTDVNNLYLRYNFYTWAERAYTWY 200000
YYAGYREKYRQTDVNRLYLRYNFYTWAERAYTWY 200000
YYAGYREKYRQTDVSKLYIRYDYYTWAELAYLWY 200000
YYAGYREKYRQTDVSNLCLRYDSYTWAELAYLWY 200000
YYAGYREKYRQTDVSNLYIRSDYYTWAELAYLWY 200000
YYAGYREKYRQTDVSNLYIRYDFYTWAELAYLWY 200000
YYAGYREKYRQTDVSNLYIRYDLYTWAELAYLWY 200000
YYAGYREKYRQTDVSNLYIRYDSYTLAALAYTWY 200000
YYAGYREKYRQTDVSNLYIRYDSYTWAELAYLWY 200000
YYAGYREKYRQTDVSNLYIRYDYYTWAELAYEWY 200000
YYAGYREKYRQTDVSNLYIRYDYYTWAELAYLWH 200000
YYAGYREKYRQTDVSNLYIRYDYYTWAELAYLWY 200000
YYAGYREKYRQTDVSNLYIRYDYYTWAELAYTWY 200000
YYAGYREKYRQTDVSNLYIRYDYYTWAELPYLWY 200000
YYAGYREKYRQTDVSNLYIRYDYYTWAEMAYLWY 200000
YYAGYREKYRQTDVSNLYIRYDYYTWAERAYLWY 200000
YYAGYREKYRQTDVSNLYIRYDYYTWAEWAYTWY 200000
YYAGYREKYRQTDVSNLYIRYDYYTWAVLAYLWY 200000
YYAGYREKYRQTDVSNLYIRYVYYTWAELAYLWY 200000
YYAGYREKYRQTDVSNLYLRFDSYTWAELAYLWY 200000
YYAGYREKYRQTDVSNLYLRFNFYTWAERAYTWY 200000
YYAGYREKYRQTDVSNLYLRSDSYTWAAQAYTWY 200000
YYAGYREKYRQTDVSNLYLRYDSYTWAAQAYTWY 200000
YYAGYREKYRQTDVSNLYLRYDSYTWAELAYLWY 200000
YYAGYREKYRQTDVSNLYLRYDSYTWAELAYTWY 200000
YYAGYREKYRQTDVSNLYLRYDSYTWAEWAYEWY 200000
YYAGYREKYRQTDVSNLYLRYDSYTWATLAYTWY 200000
YYAGYREKYRQTDVSNLYLRYDSYTWAVLAYLWY 200000
YYAGYREKYRQTDVSNLYLRYDYYTWAELAYLWY 200000
YYAGYREKYRQTDVSNLYLRYNFYTLAERAYTWY 200000
YYAGYREKYRQTDVSNLYLRYNFYTWAELAYTWY 200000
YYAGYREKYRQTDVSNLYLRYNFYTWAERAYTWY 200000
YYAGYREKYRQTDVSNLYLRYNFYTWAEWAYEWY 200000
YYAGYREKYRQTDVSNLYLRYNFYTWAEWAYTWY 200000
YYAGYREKYRQTDVSNLYLRYNFYTWATLAYAWY 200000
YYAGYREKYRQTDVSNLYLRYNFYTWATLAYTWY 200000
YYAGYREKYRQTDVSNLYLRYNFYTWPERAYTWY 200000
YYAGYREKYRQTDVSNLYLSYDYYTWAELAYLWY 200000
YYAGYREKYRQTDVSNLYLSYNFYTWATLAYTWY 200000
YYAGYREKYRQTDVSNLYLWCDSYTWAAQAYTWY 200000
YYAGYREKYRQTDVSNLYLWCDYYTWAERAYTWY 200000
YYAGYREKYRQTDVSNLYLWCNFYTWAERAYTWY 200000
YYAGYREKYRQTDVSNLYLWFDSYTWAAQAYTWY 200000
YYAGYREKYRQTDVSNLYLWYDDYTWAAQAYTWY 200000
YYAGYREKYRQTDVSNLYLWYDSYTWAAQAYTWY 200000
YYAGYREKYRQTDVSNLYLWYDSYTWAAWAYTWY 200000
YYAGYREKYRQTDVSNLYLWYDSYTWAELAYLWY 200000
YYAGYREKYRQTDVSNLYLWYDYYTWAELAYLWY 200000
YYAGYREKYRQTDVSNLYLWYNFYTWAERAYTWY 200000
YYAGYRENYRQADVNKLYIRYDLYTWAELAYTWY 200000
YYAGYRENYRQADVNKLYLKYEFYTLAAWAYLWY 200000
YYAGYRENYRQADVSNLYLRYDSYTLAALAYTWY 200000
YYAGYRENYRQADVSNLYLRYDSYTWAEWAYTWY 200000
YYAGYRENYRQTDVNKLHIRYDLYTWAELAYTWY 200000
YYAGYRENYRQTDVNKLYIRYDFYTWAELAYTWY 200000
YYAGYRENYRQTDVNKLYIRYDLYTWAALAYTWY 200000
YYAGYRENYRQTDVNKLYIRYDLYTWAELAYLWY 200000
YYAGYRENYRQTDVNKLYIRYDLYTWAELAYTWY 200000
YYAGYRENYRQTDVNKLYIRYDLYTWAERAYTWY 200000
YYAGYRENYRQTDVNKLYIRYDSYTWAELAYTWY 200000
YYAGYRENYRQTDVNKLYIRYDYYTWAELAYTWY 200000
YYAGYRENYRQTDVNKLYIRYNYYTWAELAYTWY 200000
YYAGYRENYRQTDVNKLYLRYDFYTWAELAYTWY 200000
YYAGYRENYRQTDVNKLYLRYNFYTWAERAYTWY 200000
YYAGYRENYRQTDVSKLYIRYDLYTWAELAYTWY 200000
YYAGYRENYRQTDVSKLYIRYDYYTWAELAYLWY 200000
YYAGYRENYRQTDVSNLYIRYDLYTWAELAYTWY 200000
YYAGYRENYRQTDVSNLYIRYDYYTWAELAYLWY 200000
YYAGYRNIYAQTDENIAYWTYNLYTWAVLAYTWY 200000
YYAGYRNIYAQTDESNLYLRYDSYTWAEWAYLWY 200000
YYAGYRNIYAQTDESNLYLRYDSYTWAVLAYTWY 200000
YYAGYRNIYAQTDESNLYWTYDLYTWAVLAYTWY 200000
YYAGYRNIYAQTDESNLYWTYDSYTWAVLAYTWY 200000
YYAGYRNIYAQTDESNLYWTYDYYTWAVLAYTWY 200000
YYAGYRNIYAQTDESNLYWTYNLYSWAVLAYTWY 200000
YYAGYRNIYAQTDESNLYWTYNLYTWAERAYTWY 200000
YYAGYRNIYAQTDESNLYWTYNLYTWAVLAYLWY 200000
YYAGYRNIYAQTDESNLYWTYNLYTWAVLAYTWY 200000
YYAGYRNIYAQTDESNLYWTYNLYTWAVRAYTWY 200000
YYAGYRNIYAQTDESNLYWTYNYYSWAVLAYTWY 200000
YYAGYRNIYAQTDESNLYWTYNYYTWAVLAYTWY 200000
YYAGYRNIYAQTEESNLYWTYNLYTWAVLAYTWY 200000
YYAGYRNKYRQTDVNKLYIRYDSYTWAELAYTWY 200000
YYAGYRQIYRQADVNKLYLKYEFYTLAALAYTWY 200000
YYAGYWEKYRQTDVNKLYLRYNFYTWAERAYTWY 200000
YYAIYRNNVAHTDANTLYIRYQDYTWAEWAYRWY 200000
YYAKYREISTNTYENTAYIRYDDYTWAVDAYLSY 200000
YYAKYREISTNTYESNLYIRYDSYTWAELAYLWY 200000
YYAKYREISTNTYESNLYLRYDSYTWAEWAYLWY 200000
YYAKYREISTNTYESNLYLRYNYYSLAVLAYEWY 200000
YYAKYREISTNTYESNLYLSYNYYTWAVLAYEWY 200000
YYAKYRNIFTNTYESNLYIRYDSYTWAVLAYLWY 200000
YYAKYRNIYTNTYESNLYLRYDSYTWAEWAYLWY 200000
YYALYRNICAENYENTLYIKYEFYTWAVQTYTWH 200000
YYALYRNICAETYENTAYIKYEFYTWAVHTYTWH 200000
YYAMHREISTNTYESNLYLRYDSYTWAEWAYLWY 200000
YYAMYEEIMADTYENTAYFTYDSYTWAVDVYEWY 200000
YYAMYEEIMAEDAVDTLYFVYEFYTWSRHTYEWY 200000
YYAMYEEIMAEDAVDTLYFVYGFYTWSRHAYEWY 200000
YYAMYEEIMAEDAVDTLYFVYGYYTWSRHAYEWY 200000
YYAMYEEISANTYESNLYFRFSHYTWAWIAYEWY 200000
YYAMYEEKADTTFVDTLYIAYRDYTWAVFNYLGY 200000
YYAMYEEKADTTFVDTLYIWYRDYTWAVFNYLGY 200000
YYAMYEEKVAHTDENIAYLMFHYYTWAVQAYTGY 200000
YYAMYEEKVAHTDENIAYVRYHYYTWAVLAYTWY 200000
YYAMYEEKVDNTLVGTLYLSFRDYSWAEMSYRGY 200000
YYAMYEEKVDNTYVGTLYLSFRDYTWAVRSYLSY 200000
YYAMYEEKVDNTYVGTLYLSYRDYSRAAESYLSY 200000
YYAMYEEKVETTFVSILYYWYHSYTWAVMAYQCY 200000
YYAMYEEKVGSTFVNTAYFWYSYYSWAVESYLSY 200000
YYAMYEENAGSTFVNTAYFWYSYYTWAVRSYLWY 200000
YYAMYEENVAQTDVDTLYIMYRDYTWAVWAYTWY 200000
YYAMYEESAAHTDVDTLYILYRDYTWAVLAYLGY 200000
YYAMYEESAASTNVDTLYIIYRDYTWAVDAYTWY 200000
YYAMYEESTASTNVDTLYIIYRDYTWAVDAYTWY 200000
YYAMYEMDAEDRSLCTLYFQFTFYTWAAFNYTWY 200000
YYAMYEQIADTTFVSNLYLEYDFYTWAVLAYEWY 200000
YYAMYEQNAAHSHVSNLYLKYDYYTWAALAYTWY 200000
YYAMYEQRVARTDVDTLYIIYRDYTWAVRAYTWY 200000
YYAMYEQRVGHTFVSNLYFRSDYYTWASLAYEWY 200000
YYAMYEQRVGHTFVSNLYLRSDYYTWAVLAYEWY 200000
YYAMYGEKVAHTDANTLYIRYQDYTWAEWAYRWY 200000
YYAMYGEKVAHTHVDTLYFRYHYYTWAVLAYTWY 200000
YYAMYGEKVAHTHVDTLYIRYHYYTWAVWAYTWY 200000
YYAMYGEKVAHTHVDTLYLMFHYYTWAVLAYTWY 200000
YYAMYGEKVAHTHVDTLYLMYHYYTWAVLAYTWY 200000
YYAMYGEKVAHTHVDTLYLRYHYYTWAVLAYTWY 200000
YYAMYGEKVAHTHVDTLYLRYHYYTWAVWAYRWY 200000
YYAMYGEKVAHTHVDTLYLRYHYYTWAVWAYTWY 200000
YYAMYGEKVAHTHVDTLYLRYRYYTWAVWAYTWY 200000
YYAMYGEKVAHTHVDTLYVRFHYYTWAVLAYTWY 200000
YYAMYGEKVAHTHVDTLYVRYHSYTWAVLAYTWY 200000
YYAMYGEKVAHTHVDTLYVRYHYYTWAELAYTWY 200000
YYAMYGEKVAHTHVDTLYVRYHYYTWAVLAYKWY 200000
YYAMYGEKVAHTHVDTLYVRYHYYTWAVLAYTWY 200000
YYAMYGEKVAHTHVDTLYVRYHYYTWAVQAYTGY 200000
YYAMYGEKVAHTHVDTLYVRYHYYTWAVQAYTWY 200000
YYAMYGEKVAHTHVDTLYVRYQYYTWAVLAYTWY 200000
YYAMYGENMASTYENIAYIRYNYYTWAVRAYLWY 200000
YYAMYGENMASTYENIAYIVYDDYTWAVRAYLWY 200000
YYAMYGENMASTYENIAYIVYDSYIWAVLAYLWY 200000
YYAMYGENMASTYENIAYIVYDSYTWAARAYLWY 200000
YYAMYGENMASTYENIAYIVYDSYTWAELAYLWY 200000
YYAMYGENMASTYENIAYIVYDSYTWAERAYEWY 200000
YYAMYGENMASTYENIAYIVYDSYTWAVDAYLWY 200000
YYAMYGENMASTYENIAYIVYDSYTWAVLAYEWY 200000
YYAMYGENMASTYENIAYIVYDSYTWAVLAYLWH 200000
YYAMYGENMASTYENIAYIVYDSYTWAVLAYLWY 200000
YYAMYGENMASTYENIAYIVYDSYTWAVLAYTWY 200000
YYAMYGENMASTYENIAYIVYDSYTWAVRAYLWY 200000
YYAMYGENMASTYENIAYIVYHDYTWAVLAYLWY 200000
YYAMYGENMASTYENIAYIVYNYYTWAEDAYLWY 200000
YYAMYGENMASTYENIAYIVYNYYTWAVLAYLSY 200000
YYAMYGENMASTYENIAYIVYNYYTWAVLAYLWY 200000
YYAMYGENMASTYENIAYIVYNYYTWAVRAYLWY 200000
YYAMYGENMASTYENIAYLWYDSYTWAVLAYLWY 200000
YYAMYGENMASTYESNLYIVYNYYTWAVRAYLWY 200000
YYAMYGENVAHTHVDTLYLRYHYYTWAVWAYTWY 200000
YYAMYGENVAQTDVDTLYIMYRDYTWAVWAYTWY 200000
YYAMYGENVASTYENIAYIVYDSYTWAVLAYLWY 200000
YYAMYGKNMASTYENIAYIVYDSYTWAVLAYLWY 200000
YYAMYGNGVTQTDESNLYWTYGYYTWAVLAYTWY 200000
YYAMYLENMTANAVANLYFRVEFYTWAVDVYRWY 200000
YYAMYLQNVAHTDANTLYIRYQDYTWAEWAYRWY 200000
YYAMYLQNVAQTDVDTLYIIYRDYTWAAQAYRWY 200000
YYAMYPNNVAHTDANTLYIRYQDYTWAEWAYRWY 200000
YYAMYQEKADTNYVNTAYIKYDSYTWAWMAYEWY 200000
YYAMYQENAAQTDVDTLYIIYRDYTWAAQAYRWY 200000
YYAMYQENMAHTDANTLYIIYRDYTWAAQAYRWY 200000
YYAMYQENMAHTDANTLYIIYRDYTWVARVYRGY 200000
YYAMYQENMASTDANTLYIIYRDYTWAARAYTGY 200000
YYAMYQENMASTDVDTLYIIYRDYTWAALAYRGY 200000
YYAMYQENMASTDVDTLYIIYRDYTWAALAYRWY 200000
YYAMYQENMASTDVDTLYIIYRDYTWAVDAYTWY 200000
YYAMYQENMASTYENIAYWRYDSYTWAELAYLWY 200000
YYAMYQENMTATDADTLYITYEFYTWAEWAYEWY 200000
YYAMYQENVAHTDANTLYIIYRDYTWAAQAYRWY 200000
YYAMYQENVAHTDVDTLYIIYRDYTWAAQAYRWY 200000
YYAMYQENVAHTHVDTLYIIYRDYTWAAQAYRWY 200000
YYAMYQENVAHTHVDTLYVRYHYYTWAVLAYTWY 200000
YYAMYQENVAQTDADTLYIIYRDYTWAAQAYRWY 200000
YYAMYQENVAQTDANTLYIRYQDYTWAEWAYRWY 200000
YYAMYQENVAQTDVDTLHIIYRDYTWAAQAYRWY 200000
YYAMYQENVAQTDVDTLYIICRDYTWAAQAYRWY 200000
YYAMYQENVAQTDVDTLYIIYEHYTWAWLAYTWY 200000
YYAMYQENVAQTDVDTLYIIYGDYTWAAQAYRWY 200000
YYAMYQENVAQTDVDTLYIIYPDYTWAAQAYRWY 200000
YYAMYQENVAQTDVDTLYIIYRDYTWAALAYRWY 200000
YYAMYQENVAQTDVDTLYIIYRDYTWAAQAYRGY 200000
YYAMYQENVAQTDVDTLYIIYRDYTWAAQAYRWY 200000
YYAMYQENVAQTDVDTLYIIYRDYTWAAQAYTGY 200000
YYAMYQENVAQTDVDTLYIIYRDYTWAAQAYTWY 200000
YYAMYQENVAQTDVDTLYIIYRDYTWAARAYRWY 200000
YYAMYQENVAQTDVDTLYIIYRDYTWAELAYRWY 200000
YYAMYQENVAQTDVDTLYIIYRDYTWAELAYTWY 200000
YYAMYQENVAQTDVDTLYIIYRDYTWAEQAYRWY 200000
YYAMYQENVAQTDVDTLYIIYRDYTWAERAYRWY 200000
YYAMYQENVAQTDVDTLYIIYRDYTWARQAYRWY 200000
YYAMYQENVAQTDVDTLYIIYRDYTWAVLAYRWY 200000
YYAMYQENVAQTDVDTLYIIYRDYTWAVLAYTWY 200000
YYAMYQENVAQTDVDTLYIIYRDYTWAVQAYRWY 200000
YYAMYQENVAQTDVDTLYIMYRDYTWAAQAYRWY 200000
YYAMYQENVAQTDVDTLYVRYHYYTWAVLAYTWY 200000
YYAMYQENVAQTHVDTLYIIYRDYTWAAQAYRWY 200000
YYAMYRDISTNTYESNLYLRYDSYTWAEWAYLWY 200000
YYAMYREICTNTYESNLYLRYDSYTWAEWAYLWY 200000
YYAMYREIFTNTYESNLYLRYDSYTWAEWAYLWY 200000
YYAMYREIMTATYENTAYFKYEFYTWAADVYRSY 200000
YYAMYREIMTATYENTAYVKYEYYTWAAMAYEWY 200000
YYAMYREIMTATYGNTAYFKYEFYTWAAHTYEWY 200000
YYAMYREIMTENAVANLYYVYEFYTWAAHTYEWY 200000
YYAMYREIMTENAVANLYYVYEFYTWAVHTYEWY 200000
YYAMYREIQDNTFVNTAYFSYSYYTWAEWSYLGY 200000
YYAMYREIQDTTYGNTLYLSYSDYTWAVESYLSY 200000
YYAMYREIQDTTYGTTLYLSYSDYTWAVESYLSY 200000
YYAMYREIQDTTYVDTLYLRYHDYSWAVLSYRSY 200000
YYAMYREIQDTTYVDTLYLSYRFYSWAAESYRWY 200000
YYAMYREISTNTDESNLYLRYDSYTWAEWAYLWY 200000
YYAMYREISTNTYEDTLYLRYDSYTWAEWAYLWY 200000
YYAMYREISTNTYENIAYLRYDSYTWAEWAYLWY 200000
YYAMYREISTNTYENIAYWTYNYYTWAELAYLWH 200000
YYAMYREISTNTYENNLYLRYDSYTWAEWAYLWY 200000
YYAMYREISTNTYENTAYIRYDSYTWAELAYLWY 200000
YYAMYREISTNTYENTAYIRYNLYTWAVLAYEWY 200000
YYAMYREISTNTYENTAYWTYNLYTWAVLAYEWY 200000
YYAMYREISTNTYESIAYLRYDSYTWAEWAYLWY 200000
YYAMYREISTNTYESNLHLRYDSYTWAEWAYLWY 200000
YYAMYREISTNTYESNLYIRYDDYTWAEWAYLWY 200000
YYAMYREISTNTYESNLYIRYDSYTWAELAYLWY 200000
YYAMYREISTNTYESNLYIRYDSYTWAEWAYLWY 200000
YYAMYREISTNTYESNLYIRYDSYTWAVLAYLWY 200000
YYAMYREISTNTYESNLYIRYNYYSLAVLAYEWY 200000
YYAMYREISTNTYESNLYLMYDSYTWAEWAYLWY 200000
YYAMYREISTNTYESNLYLNYDSYTWAEWAYLWY 200000
YYAMYREISTNTYESNLYLRCDSYTWAEWAYLWY 200000
YYAMYREISTNTYESNLYLRFDSYTWAELAYLWY 200000
YYAMYREISTNTYESNLYLRFDSYTWAEWAYLWY 200000
YYAMYREISTNTYESNLYLRFDSYTWAVRAYLWY 200000
YYAMYREISTNTYESNLYLRSDSYTWAEWAYLWY 200000
YYAMYREISTNTYESNLYLRYDSYSLAEWAYLWY 200000
YYAMYREISTNTYESNLYLRYDSYTWAEDAYTWY 200000
YYAMYREISTNTYESNLYLRYDSYTWAELAYEWY 200000
YYAMYREISTNTYESNLYLRYDSYTWAELAYLWY 200000
YYAMYREISTNTYESNLYLRYDSYTWAERAYLWY 200000
YYAMYREISTNTYESNLYLRYDSYTWAEWAYEWY 200000
YYAMYREISTNTYESNLYLRYDSYTWAEWAYLGY 200000
YYAMYREISTNTYESNLYLRYDSYTWAEWAYLSY 200000
YYAMYREISTNTYESNLYLRYDSYTWAEWAYLWH 200000
YYAMYREISTNTYESNLYLRYDSYTWAEWAYLWY 200000
YYAMYREISTNTYESNLYLRYDSYTWAEWAYTWY 200000
YYAMYREISTNTYESNLYLRYDSYTWAQWAYLWY 200000
YYAMYREISTNTYESNLYLRYDSYTWAVDAYLWY 200000
YYAMYREISTNTYESNLYLRYDSYTWAVLAYLWH 200000
YYAMYREISTNTYESNLYLRYDSYTWAVLAYLWY 200000
YYAMYREISTNTYESNLYLRYDSYTWAVLTYLWY 200000
YYAMYREISTNTYESNLYLRYDYYTWAEWAYLWY 200000
YYAMYREISTNTYESNLYLRYNFYTWAEWAYLWY 200000
YYAMYREISTNTYESNLYLRYNLYTWAEWAYLWY 200000
YYAMYREISTNTYESNLYLRYNLYTWAVLAYTWY 200000
YYAMYREISTNTYESNLYLRYNYYSLAVLAYEWY 200000
YYAMYREISTNTYESNLYLRYNYYTWAEWAYLWY 200000
YYAMYREISTNTYESNLYLRYNYYTWAVLAYTWY 200000
YYAMYREISTNTYESNLYLRYNYYTWAVLTYLWY 200000
YYAMYREISTNTYESNLYLSYDSCTWAEWAYLWY 200000
YYAMYREISTNTYESNLYLSYDSYTWAEWAYLWY 200000
YYAMYREISTNTYESNLYLSYDYYTWAEWAYLWY 200000
YYAMYREISTNTYESNLYLTYDSYTWAEWAYLWY 200000
YYAMYREISTNTYESNLYWTYDSYTWAEWAYLWY 200000
YYAMYREISTNTYESNLYWTYDSYTWAVLAYLWY 200000
YYAMYREISTNTYESNLYWTYNFYTWAEWAYLWY 200000
YYAMYREISTNTYESNLYWTYNLYTWAELAYTWY 200000
YYAMYREISTNTYESNLYWTYNYYTWAVDAYTWY 200000
YYAMYREISTNTYVGNLYWTYRFYTWAWLAYTWY 200000
YYAMYREISTNTYVNNLYLRYDSYTWAEWAYLWY 200000
YYAMYREIYAQTDESNLYLRYDSYTWAEWAYLWY 200000
YYAMYREIYTNTYESNLYLRYDSYTWAEWAYLWY 200000
YYAMYREKFRQTDVSNLYLRYDSYTWAEWAYLWY 200000
YYAMYREKQDTTYVGNLYYSYRYYTWAVRSYLSY 200000
YYAMYREKVAHTHVDTLYVRYHYYTWAVLAYTWY 200000
YYAMYREKYRQTDVSNLYLRYDSYSLAVLAYEWY 200000
YYAMYREKYRQTDVSNLYLRYDSYTWAELAYLWY 200000
YYAMYREKYRQTDVSNLYLRYDSYTWAERAYTWY 200000
YYAMYREKYRQTDVSNLYLRYDSYTWAEWAYLSY 200000
YYAMYREKYRQTDVSNLYLRYDSYTWAEWAYLWY 200000
YYAMYREKYRQTDVSNLYLRYDSYTWAVLAYLWY 200000
YYAMYREKYRQTDVSNLYLRYDSYTWAVLAYTWY 200000
YYAMYREKYRQTDVSNLYLRYDSYTWAVLTYLWY 200000
YYAMYREKYRQTDVSNLYLRYDSYTWAVWAYLWY 200000
YYAMYREKYRQTDVSNLYLSYDSYTWAEWAYLWY 200000
YYAMYREKYRQTDVSNLYWTYNLYTWAVLAYLWY 200000
YYAMYREKYRQTDVSNLYWTYNLYTWAVLAYTWY 200000
YYAMYREKYRQTGVSNLYLRYDSYTWAEWAYLWY 200000
YYAMYREKYRRTDVSNLYLRYDSYTWAEWAYLWY 200000
YYAMYRENMAENAVNNLYIRYHSYTWAEHTYEWY 200000
YYAMYRENMAENAVNNLYLRVESYTWAVMAYKSY 200000
YYAMYRENMASTYENIAYLRYHDYTWAALAYLWY 200000
YYAMYRENMASTYENIAYLRYHDYTWAELAYLWY 200000
YYAMYRENMASTYENIAYWRYDSYTWAELAYLWY 200000
YYAMYRENMTANAVANLYFRVEFYTWAVDVYRSY 200000
YYAMYRENMTANAVANLYFRVEFYTWAVDVYRWY 200000
YYAMYRENMTANAVANLYFRVEFYTWAVMTYRSY 200000
YYAMYRENMTANAVANLYFRVEYYTWAAMAYTWH 200000
YYAMYRENMTANAVANLYFRVEYYTWAVMAYEWY 200000
YYAMYRENMTANAVANLYFRVEYYTWAVMAYRSY 200000
YYAMYRENMTANAVANLYFRYEFYTWAVMAYEWY 200000
YYAMYRENMTANAVANLYFRYEYYTWAVMAYEWY 200000
YYAMYRENMTANAVANLYFTYEYYTWAAMAYTWH 200000
YYAMYRENMTANAVANLYVKYEYYTWAVMAYEWY 200000
YYAMYRENMTANAVNNLYIRYESYTWAWMVYEWY 200000
YYAMYRENMTATYANTLYFKYEFYTWAAHTYEWY 200000
YYAMYRENMTATYENTAYFRYEYYTWAVDAYEWY 200000
YYAMYRENMTATYENTAYFTYEFYTWAAWAYEWY 200000
YYAMYRENMTATYENTAYVKYEYYTWAAMAYEWY 200000
YYAMYRENMTATYENTLYFRYEYYTWAVDAYEWY 200000
YYAMYRENMTATYENTLYIKYEFYTWAAHTYEWY 200000
YYAMYRENMTATYENTLYIWYDSYTWAWIAYEWY 200000
YYAMYRENMTATYESNLYFRYSYYTWAEFTYRWY 200000
YYAMYRENMTATYGNTAYFTYEFYTWAAWAYEWY 200000
YYAMYRENMTATYVNTLYIWHNHYTWAVFAYEWH 200000
YYAMYRENMTENAVANLYFRVEFYTWAVDVYRWY 200000
YYAMYRENMTENAVANLYFRVEYYTWAVMAYEWY 200000
YYAMYRENMTENAVDNLYIKYEYYTWAVHTYRWY 200000
YYAMYRENMTENAVNTLYLRVEYYTWAVMAYEWY 200000
YYAMYRENMTENAVNTLYLRVEYYTWAVMAYQWY 200000
YYAMYRENMTENAVNTLYVRVEYYTWAVMAYQWY 200000
YYAMYRENMTERAVATLYYVYEFYTWAVWAYQWY 200000
YYAMYRENMTETYGNTLYIKYEYYTWAVHTYRWY 200000
YYAMYRENMTPTYVNTLYIKYEFYTWAAHTYEWY 200000
YYAMYRENVAQTDVDTLYIMYRDYTWAVWAYTWY 200000
YYAMYRENVETTYVGTLYLSYRDYTWAERSYLSY 200000
YYAMYRENVGSTDVNTLYFWYSFYSWAVWSYLSY 200000
YYAMYRNGITQTDENTLYLSYDYYTWAVLAYTWY 200000
YYAMYRNGVAQTDENIAYIRYEYYTWAWLAYTWY 200000
YYAMYRNGVAQTDENIAYIRYYYYTWAARAYTWY 200000
YYAMYRNICADTYESNLYIRYHHYTWAVWAYRSY 200000
YYAMYRNICTNTDESNLYLRYDSYTWAEWAYLWY 200000
YYAMYRNICTNTYESNLYIRYDSYTWAELAYLWY 200000
YYAMYRNICTNTYESNLYIRYDSYTWAELAYTWY 200000
YYAMYRNIFTNTYESNLYIRYDSYTWAVLAYLWY 200000
YYAMYRNIFTNTYESNLYLRYDSYTWAEWAYLWY 200000
YYAMYRNIMAEDAADTLYLKYYYYTWEWDTYLSY 200000
YYAMYRNIMAENAVANLYYMYEFYTWEWDTYEWY 200000
YYAMYRNIMTANAVANLYFRYSYYTWAVFTYRSY 200000
YYAMYRNIMTATYENTAYFRVEYYTWAAMAYEWY 200000
YYAMYRNISANTYESNLYIRYDSYTWAELAYLWY 200000
YYAMYRNISTNTYENIAYIRYDSYTWAELAYLWY 200000
YYAMYRNISTNTYENTAYIRYDSYTWAELAYLWY 200000
YYAMYRNISTNTYESNLYIRYDSYTWAELAYLWY 200000
YYAMYRNISTNTYESNLYIRYDSYTWAELAYTWY 200000
YYAMYRNISTNTYESNLYIRYDSYTWAEWAYLWY 200000
YYAMYRNISTNTYESNLYIRYDSYTWATLAYLWY 200000
YYAMYRNISTNTYESNLYLRYDSYTWAEWAYLWY 200000
YYAMYRNISTNTYESNLYLRYDSYTWAVLAYLWY 200000
YYAMYRNISTNTYESNLYLSYDSYTWAVLAYLWY 200000
YYAMYRNIYAQTDESNLYIRYEYYTWAWLAYTWY 200000
YYAMYRNIYAQTDESNLYLRYDSYTWAEWAYLWY 200000
YYAMYRNIYAQTDESNLYWTYNLYTWAVLAYTWY 200000
YYAMYRNIYTNTYESNLYLRYDSYTWAEWAYLWY 200000
YYAMYRNKVAHTDANTLYIRYQDYTWAEQAYRWY 200000
YYAMYRNKVAQTDVDTLYIRYQDYTWAEWAYTWY 200000
YYAMYRNNADATFVNTLYFLYEYYTVADHNYRWY 200000
YYAMYRNNARSTFVNTAYFSYRYYTWAVESYLSY 200000
YYAMYRNNVAHIDVDTLYIMYRDYTWAVWAYTWY 200000
YYAMYRNNVAHIDVDTLYIRYQDYTWAEWAYRWY 200000
YYAMYRNNVAHTDANTLYIRYQDYTWAELAYRWY 200000
YYAMYRNNVAHTDANTLYIRYQDYTWAEQAYRWY 200000
YYAMYRNNVAHTDANTLYIRYQDYTWAEWAYLWY 200000
YYAMYRNNVAHTDANTLYIRYQDYTWAEWAYRGY 200000
YYAMYRNNVAHTDANTLYIRYQDYTWAEWAYRWY 200000
YYAMYRNNVAHTDANTLYIRYQDYTWAEWAYTWY 200000
YYAMYRNNVAHTDANTLYIRYQDYTWAEWAYWWY 200000
YYAMYRNNVAHTDANTLYIRYQDYTWAVWAYRWY 200000
YYAMYRNNVAHTDANTLYIRYQNYTWAEWAYRWY 200000
YYAMYRNNVAHTDANTLYMVYQDYTWAEWAYRWY 200000
YYAMYRNNVAHTDANTLYVRYQDYTWAEWAYRWY 200000
YYAMYRNNVAHTDENTLYIRYQDYTWAEWAYRWY 200000
YYAMYRNNVAHTDESIAYIRYQDYTWAEQAYRWY 200000
YYAMYRNNVAHTDESIAYIRYQDYTWAEWAYRWY 200000
YYAMYRNNVAHTDESIAYIRYQDYTWAEWAYTWY 200000
YYAMYRNNVAHTDVDTLYIMYRDYTWAVWAYTWY 200000
YYAMYRNNVAHTDVDTLYIRYHYYTWAVWAYTWY 200000
YYAMYRNNVAHTDVDTLYIRYQDYTWAEWAYEWY 200000
YYAMYRNNVAHTDVDTLYIRYQDYTWAEWAYRWY 200000
YYAMYRNNVAHTHANTLYIRYQDYTWAEWAYRWY 200000
YYAMYRNNVAHTHESIAYIRYQDYTWAEWAYRWY 200000
YYAMYRNNVAHTHVDTLYIMYRDYTWAVWAYTWY 200000
YYAMYRNNVAHTHVDTLYIRYHYYTWAVWAYTWY 200000
YYAMYRNNVAHTHVDTLYIRYQDYTWAEWAYRWY 200000
YYAMYRNNVAQIHANTLYIRYQDYTWAEWAYRWY 200000
YYAMYRNNVAQTDADTLYIRYQDYTWAEWAYRWY 200000
YYAMYRNNVAQTDANTLYIRYQDYTWAEWAYRWY 200000
YYAMYRNNVAQTDENIAYIMYRDYTWAVWAYTWY 200000
YYAMYRNNVAQTDESIAYIRYQDYTWAEWAYRWY 200000
YYAMYRNNVAQTDVDTLYIIYRDYTWAAQAYRWY 200000
YYAMYRNNVAQTDVDTLYIIYRDYTWAELAYTWY 200000
YYAMYRNNVAQTDVDTLYIMYEHYTWAVWAYTWY 200000
YYAMYRNNVAQTDVDTLYIMYRDYTWAEWAYTWY 200000
YYAMYRNNVAQTDVDTLYIMYRDYTWAVLAYTWY 200000
YYAMYRNNVAQTDVDTLYIMYRDYTWAVQAYTGY 200000
YYAMYRNNVAQTDVDTLYIMYRDYTWAVQAYTWY 200000
YYAMYRNNVAQTDVDTLYIMYRDYTWAVWAYTWY 200000
YYAMYRNNVAQTDVDTLYIMYRDYTWVVWAYTWY 200000
YYAMYRNNVAQTDVDTLYIMYRHYTWAVWAYTWY 200000
YYAMYRNNVAQTDVDTLYIMYRVYTWAVWAYTWY 200000
YYAMYRNNVAQTDVDTLYIRYHYYTWAEWAYTWY 200000
YYAMYRNNVAQTDVDTLYIRYHYYTWAVRAYTWY 200000
YYAMYRNNVAQTDVDTLYIRYHYYTWAVWAYMWY 200000
YYAMYRNNVAQTDVDTLYIRYHYYTWAVWAYTWY 200000
YYAMYRNNVAQTDVDTLYIRYQDYTWAEWAYEWY 200000
YYAMYRNNVAQTDVDTLYIRYQDYTWAEWAYRGY 200000
YYAMYRNNVAQTDVDTLYIRYQDYTWAEWAYRWH 200000
YYAMYRNNVAQTDVDTLYIRYQDYTWAEWAYRWY 200000
YYAMYRNNVAQTDVDTLYIRYQDYTWAVLAYRWY 200000
YYAMYRNNVAQTDVDTLYIRYQDYTWAVLAYTWY 200000
YYAMYRNNVAQTDVDTLYIRYRDYTWAVWAYTWY 200000
YYAMYRNNVAQTDVDTLYVRYHYYTWAVLAYTWY 200000
YYAMYRNNVAQTDVDTLYVRYQDYTWAEWAYRWY 200000
YYAMYRNNVAQTDVNTLYIMYRDYTWAVWAYTWY 200000
YYAMYRNNVGQTDVDTLYIRYHYYTWAVWAYTWY 200000
YYAMYRNNVSQTDVDTLYIIYRDYTWAELAYTWY 200000
YYAMYRNYIAENAVNTLYIRYEFYTWAVLAYEWH 200000
YYAMYRSIMAENAVANLYITYDSYTWAVDVYKWH 200000
YYAMYRSIMAGNAVANLYITYDSYTWAVDVYKWH 200000
YYAMYRSYMTAMAVDNLYLTYFDYTWAVLAYTWH 200000
YYAMYRSYMTANAVNNLYIRVDHYTWAVMAYTWH 200000
YYAMYSQIMADSYESNLYIRLHHYTWAAWAYEWY 200000
YYAMYSQIMADSYESNLYIRLHHYTWAAWAYPWY 200000
YYAMYSQIMADSYESNLYLKYHHYTWAAWAYPWY 200000
YYAMYSQIMADTYENTAYVRYHHYTWAVDVYRSY 200000
YYAMYSQIMADTYESNLYIWYHHYTWAVWAYRWY 200000
YYAMYSQIMADTYESNLYVRYHHYTWAVDVYRSY 200000
YYAMYSQIMADTYVNTLYVRYEFYTWAADVYEWY 200000
YYAMYSQIMTATYESNLYVTYESYTWAWMAYEWY 200000
YYAMYSQNMTATYESNLYVTYVYYTWAVMAYEWY 200000
YYATYEEISANTYESNLYFRYSYYTWAAYIYQWY 200000
YYATYEENMASTYENIAYIRYDSYTWAVLAYLWY 200000
YYATYEQIAANTYESNLYFRYSYYTWAAYIYQWY 200000
YYATYGENMASTYENIAYIRYDSYTLAALAYTWY 200000
YYATYGENMASTYENIAYIRYDSYTWAELAYLWY 200000
YYATYGENMASTYENIAYIRYDSYTWAVLAYLWH 200000
YYATYGENMASTYENIAYIRYDSYTWAVLAYLWY 200000
YYATYGENMASTYENIAYIRYDSYTWAVRAYLWY 200000
YYATYGENMASTYENIAYIRYNYYTWAVLAYLWY 200000
YYATYGENMASTYENIAYIVYDSYTWAVLAYLWY 200000
YYATYGENMASTYENIAYLRYDSYTWAVLAYLWY 200000
YYATYGENMASTYENIAYLRYNFYTWAVLTYTWY 200000
YYATYGENMASTYENIAYLSYDSYTWAVLAYLWY 200000
YYATYGENMASTYENIAYLSYNYYTWAVLAYEWY 200000
YYATYGENMASTYENIAYLWYDSYTWAELAYLWY 200000
YYATYGENMASTYENIAYLWYDSYTWAVLAYLSY 200000
YYATYGENMASTYENIAYLWYDSYTWAVLAYLWY 200000
YYATYGENMASTYENIAYWTYNYYTWAELAYLWH 200000
YYATYQEIQENTFANTLYIEYRDYTWAYFNYRWY 200000
YYATYQENFDATFANTLYFLSTYYTWEAHNYRGY 200000
YYATYREIFTNTDESNLYIRYDSYTWAVLAYLWY 200000
YYATYREIFTNTYENIAYWTYNYYTWAELAYLWH 200000
YYATYREIFTNTYESNLYIRYDFYTWAVLAYLWY 200000
YYATYREIFTNTYESNLYIRYDSYTWAVLAYLWY 200000
YYATYREIFTNTYESNLYIRYDSYTWAVRAYLWY 200000
YYATYREIFTNTYESNLYISYDSYTWAVLAYLWY 200000
YYATYREISTNTYENIAYIRYDSYTWAVLAYLWY 200000
YYATYREISTNTYENIAYWTYDYYTWAELAYLWH 200000
YYATYREISTNTYENIAYWTYNFYTWAELAYLWH 200000
YYATYREISTNTYENIAYWTYNYYTWAELAYEWH 200000
YYATYREISTNTYENIAYWTYNYYTWAELAYLSH 200000
YYATYREISTNTYENIAYWTYNYYTWAELAYLWH 200000
YYATYREISTNTYENIAYWTYNYYTWAELAYLWY 200000
YYATYREISTNTYENIAYWTYNYYTWAEWAYLWH 200000
YYATYREISTNTYENIAYWTYNYYTWAVDAYLWH 200000
YYATYREISTNTYENIAYWTYNYYTWAVLAYLWH 200000
YYATYREISTNTYENIAYWTYNYYTWAVLAYLWY 200000
YYATYREISTNTYENNLYWTYNYYTWAELAYLWH 200000
YYATYREISTNTYENTAYIRYDDYTWAVDAYLSY 200000
YYATYREISTNTYENTAYWTYNYYTWAELAYLWH 200000
YYATYREISTNTYESIAYWTYNYYTWAELAYLWH 200000
YYATYREISTNTYESNLYIRYDSYTWAVLAYLWY 200000
YYATYREISTNTYESNLYLRYDSYTWAEWAYLWY 200000
YYATYREISTNTYESNLYWTYNYYTWAELAYLWH 200000
YYATYRENFDTTFVDTLYIAYRDYTWAEHNYTWY 200000
YYATYRENLDATFVNTLYLWYRDYTWAERNYRWY 200000
YYATYRENLDTTFVDTLYIEYRDYTWAEFNYLGY 200000
YYATYRENLGATFVDTLYIAYSDYTWAEFNYRGY 200000
YYATYRENLGATFVDTLYIEYRDYTWAYLNYTWY 200000
YYATYRNICTNTDESNLYWTYNYYTWAELAYLWH 200000
YYATYRNICTNTYENIAYWTYNYYTWAELAYLWH 200000
YYATYRNICTNTYESNLYIRYDFYTWAVLAYLWY 200000
YYATYRNICTNTYESNLYIRYDSYTWAVLAYLWY 200000
YYATYRNICTNTYESNLYLRYDSYTWAEWAYLWY 200000
YYATYRNIFANTYESNLYIRYDSYTWAVLAYLWY 200000
YYATYRNIFTNAYESNLYIRYDSYTWAVLAYLWY 200000
YYATYRNIFTNTDENIAYIRYDSYTWAVLAYLWY 200000
YYATYRNIFTNTDENIAYWTYNYYTWAVDAYLWH 200000
YYATYRNIFTNTDESNLYIRYDFYTWAVLAYLWY 200000
YYATYRNIFTNTDESNLYIRYDSYTWAVLAYLWY 200000
YYATYRNIFTNTDESNLYWTYNYYTWAELAYLWH 200000
YYATYRNIFTNTDESNLYWTYNYYTWAELAYTWH 200000
YYATYRNIFTNTHENIAYWTYNYYTWAELAYLWH 200000
YYATYRNIFTNTYECNLYIRYDSYTWAVLAYLWY 200000
YYATYRNIFTNTYEDTLYIRYDSYTWAVLAYLWY 200000
YYATYRNIFTNTYENGLYWTYNYYTWAELAYLWH 200000
YYATYRNIFTNTYENIADWTYNYYTWAELAYLWH 200000
YYATYRNIFTNTYENIAYIRSNFYTWAVLAYLWY 200000
YYATYRNIFTNTYENIAYIRYDDYTWAVDAYLSY 200000
YYATYRNIFTNTYENIAYIRYDDYTWAVLAYLSY 200000
YYATYRNIFTNTYENIAYIRYDFYTWAVLAYLWY 200000
YYATYRNIFTNTYENIAYIRYDSYTWAELAYLWH 200000
YYATYRNIFTNTYENIAYIRYDSYTWAELAYLWY 200000
YYATYRNIFTNTYENIAYIRYDSYTWAVDAYLSY 200000
YYATYRNIFTNTYENIAYIRYDSYTWAVLAYLWH 200000
YYATYRNIFTNTYENIAYIRYDSYTWAVLAYLWY 200000
YYATYRNIFTNTYENIAYIRYNYYTWAELAYLWH 200000
YYATYRNIFTNTYENIAYIRYNYYTWAVLAYLWY 200000
YYATYRNIFTNTYENIAYITYNYYTWAELAYLWH 200000
YYATYRNIFTNTYENIAYLRYDSYTWAELAYLWH 200000
YYATYRNIFTNTYENIAYLRYNLYTWAELAYLWH 200000
YYATYRNIFTNTYENIAYLRYNYYTWAELAYLWH 200000
YYATYRNIFTNTYENIAYLRYNYYTWAELAYLWY 200000
YYATYRNIFTNTYENIAYLSYDSYTWAVLAYLWY 200000
YYATYRNIFTNTYENIAYLSYNYYTWAELAYLWH 200000
YYATYRNIFTNTYENIAYLSYNYYTWAVLAYEWY 200000
YYATYRNIFTNTYENIAYWTYDFYTWAELAYLWH 200000
YYATYRNIFTNTYENIAYWTYDSYTWAELAYLWH 200000
YYATYRNIFTNTYENIAYWTYDYYTWAELAYLWH 200000
YYATYRNIFTNTYENIAYWTYHDYTWAELAYLWH 200000
YYATYRNIFTNTYENIAYWTYKYYTWAELAYLWH 200000
YYATYRNIFTNTYENIAYWTYNFYTWAELAYLWH 200000
YYATYRNIFTNTYENIAYWTYNLYTWAVLAYLWY 200000
YYATYRNIFTNTYENIAYWTYNSYTWAELAYLWH 200000
YYATYRNIFTNTYENIAYWTYNYYTWADLAYLWH 200000
YYATYRNIFTNTYENIAYWTYNYYTWAEDAYTWY 200000
YYATYRNIFTNTYENIAYWTYNYYTWAELAYEWH 200000
YYATYRNIFTNTYENIAYWTYNYYTWAELAYEWY 200000
YYATYRNIFTNTYENIAYWTYNYYTWAELAYLGH 200000
YYATYRNIFTNTYENIAYWTYNYYTWAELAYLSY 200000
YYATYRNIFTNTYENIAYWTYNYYTWAELAYLWH 200000
YYATYRNIFTNTYENIAYWTYNYYTWAELAYLWY 200000
YYATYRNIFTNTYENIAYWTYNYYTWAELAYTWH 200000
YYATYRNIFTNTYENIAYWTYNYYTWAEQAYLWH 200000
YYATYRNIFTNTYENIAYWTYNYYTWAERAYEWH 200000
YYATYRNIFTNTYENIAYWTYNYYTWAERAYLWH 200000
YYATYRNIFTNTYENIAYWTYNYYTWAEWAYLWH 200000
YYATYRNIFTNTYENIAYWTYNYYTWAVDAYLWH 200000
YYATYRNIFTNTYENIAYWTYNYYTWAVLAYEWH 200000
YYATYRNIFTNTYENIAYWTYNYYTWAVLAYEWY 200000
YYATYRNIFTNTYENIAYWTYNYYTWAVLAYLWH 200000
YYATYRNIFTNTYENIAYWTYNYYTWAVLAYLWY 200000
YYATYRNIFTNTYENIAYWTYNYYTWAVLTYLWH 200000
YYATYRNIFTNTYENIAYWTYNYYTWAVRAYLWY 200000
YYATYRNIFTNTYENNLYIRYDFYTWAVLAYLWY 200000
YYATYRNIFTNTYENNLYIRYDSYTWAVLAYLWY 200000
YYATYRNIFTNTYENTAYIRYDSYTWAVLAYLWY 200000
YYATYRNIFTNTYENTAYIRYDSYTWAVRAYLWY 200000
YYATYRNIFTNTYENTAYWTYNYYTWAELAYLWH 200000
YYATYRNIFTNTYENTAYWTYNYYTWAVRAYLWY 200000
YYATYRNIFTNTYESIAYIRYDSYTWAVLAYLWY 200000
YYATYRNIFTNTYESIAYIRYDSYTWAVRAYLWY 200000
YYATYRNIFTNTYESNLYIRFDSYTWAVLAYLWY 200000
YYATYRNIFTNTYESNLYIRHDSYTWAVLAYLWY 200000
YYATYRNIFTNTYESNLYIRSDSYTWAVLAYLWY 200000
YYATYRNIFTNTYESNLYIRYDFYTWAELAYTWH 200000
YYATYRNIFTNTYESNLYIRYDFYTWAVDAYLWY 200000
YYATYRNIFTNTYESNLYIRYDFYTWAVLAYEWY 200000
YYATYRNIFTNTYESNLYIRYDFYTWAVLAYLWH 200000
YYATYRNIFTNTYESNLYIRYDFYTWAVLAYLWY 200000
YYATYRNIFTNTYESNLYIRYDSCTWAVLAYLWY 200000
YYATYRNIFTNTYESNLYIRYDSYTWAELAYLWH 200000
YYATYRNIFTNTYESNLYIRYDSYTWAELAYLWY 200000
YYATYRNIFTNTYESNLYIRYDSYTWAEWAYLWY 200000
YYATYRNIFTNTYESNLYIRYDSYTWAVDAYLWY 200000
YYATYRNIFTNTYESNLYIRYDSYTWAVLAYEWY 200000
YYATYRNIFTNTYESNLYIRYDSYTWAVLAYLSY 200000
YYATYRNIFTNTYESNLYIRYDSYTWAVLAYLWH 200000
YYATYRNIFTNTYESNLYIRYDSYTWAVLAYLWY 200000
YYATYRNIFTNTYESNLYIRYDSYTWAVLAYTWY 200000
YYATYRNIFTNTYESNLYIRYDSYTWAVLTYTWY 200000
YYATYRNIFTNTYESNLYIRYDSYTWAVRAYLSY 200000
YYATYRNIFTNTYESNLYIRYDSYTWAVRAYLWY 200000
YYATYRNIFTNTYESNLYIRYDSYTWAVWAYLWY 200000
YYATYRNIFTNTYESNLYIRYDYYTWAVLAYLWY 200000
YYATYRNIFTNTYESNLYIRYHSYTWAVLAYLWY 200000
YYATYRNIFTNTYESNLYIRYNFYTWAVLAYLWY 200000
YYATYRNIFTNTYESNLYIRYNYYTWAVLAYEWY 200000
YYATYRNIFTNTYESNLYIRYNYYTWAVLAYLWH 200000
YYATYRNIFTNTYESNLYIRYNYYTWAVLAYLWY 200000
YYATYRNIFTNTYESNLYIRYNYYTWAVRAYLWY 200000
YYATYRNIFTNTYESNLYIRYVSYTWAVLAYLWY 200000
YYATYRNIFTNTYESNLYISYDSYTWAVLAYLWY 200000
YYATYRNIFTNTYESNLYLRYDFYTWAVLAYLWY 200000
YYATYRNIFTNTYESNLYLRYDSYTWAERAYLWY 200000
YYATYRNIFTNTYESNLYLRYDSYTWAEWAYEWY 200000
YYATYRNIFTNTYESNLYLRYDSYTWAEWAYLWY 200000
YYATYRNIFTNTYESNLYLRYDSYTWAVLAYLWY 200000
YYATYRNIFTNTYESNLYLRYNYYTWAEWAYLWY 200000
YYATYRNIFTNTYESNLYLSYDSYTWAELAYLWY 200000
YYATYRNIFTNTYESNLYLSYDSYTWAEWAYLWY 200000
YYATYRNIFTNTYESNLYLSYDSYTWAVLAYLWY 200000
YYATYRNIFTNTYESNLYLSYDSYTWAVRAYEWY 200000
YYATYRNIFTNTYESNLYLSYNYYTWAVDAYTWY 200000
YYATYRNIFTNTYESNLYLSYNYYTWAVLAYEWY 200000
YYATYRNIFTNTYESNLYLSYNYYTWAVLAYLWY 200000
YYATYRNIFTNTYESNLYWTYDSYTWAVLAYLWY 200000
YYATYRNIFTNTYESNLYWTYNLYTWAVLAYTWY 200000
YYATYRNIFTNTYESNLYWTYNYYTWAELAYLWH 200000
YYATYRNIFTNTYESNLYWTYNYYTWAVLAYLWY 200000
YYATYRNIFTNTYESTAYIRYDSYTWAVLAYLWY 200000
YYATYRNIFTNTYVSNLYIRYDFYTWAVLAYLWY 200000
YYATYRNISTNTYENIAYWTYNYYTWAELAYLWH 200000
YYATYRNISTNTYENTAYIRYDSYTWAVLAYLWY 200000
YYATYRNISTNTYESNLYIRYDSYTWAVLAYLWY 200000
YYATYRNISTNTYESNLYIRYNYYTWAVLAYLWY 200000
YYATYRNISTNTYESNLYLRYDSYTWAVLAYTWH 200000
YYATYRNISTNTYESNLYLSYDSYTWAVLAYLWY 200000
YYATYRNIYAQTDESNLYIRYDSYTWAVLAYLWY 200000
YYATYRNIYAQTDESNLYLSYDYYTWAERAYEWY 200000
YYATYRNIYAQTDESNLYWTYNYYTWAELAYLWH 200000
YYEMYEEKVETINVDTLYLSFRDYTWAEWSYLSY 200000
YYEMYQEKADTTFVDTLYLLYTFYSMAEFNYTWY 200000
YYEMYQEKADTTFVDTLYLLYTYYSMAEFNYTWY 200000
YYEMYRERVEETFVNTAYLRYRDYSWAEMSYLGY 200000
YYIIYQEISDTSFVSNLYLWYTYYSMAVQNYEWY 200000
YYIIYRNISDTSFVSNLYLLYTYYSMAVQNYEWH 200000
YYIMYQENSGATFANTLYFWYWFYTWANENYRGY 200000
YYIMYREISDNINVNTLYLRYDDYSRAEMSYRWY 200000
YYIMYREISETNYVDTLYIRYRDYTWVEESYRWY 200000
YYIMYREISETNYVDTLYLRYRDYTWAVESYRWY 200000
YYIMYREISETTFVDTLYIEYDFYTWEYLNYRGY 200000
YYIMYREISETTYVGTLYLRYRDYSWAEMSYLGY 200000
YYIVYQEKADHFFLGTLYLWYWFYSWAVQNYTWY 200000
YYIVYQEKADHTFANTLYLWHWFYTWANENYEWY 200000
YYIVYQEKADTFFLGTLYLWCWFYTWANENYEWY 200000
YYNMYQENAGNTFVGTLYLWSEFYTWAAHNYTWY 200000
YYPKYREISTNTYENTAYIRYDDYTWAVLAYLSY 200000
YYSDYRNIYAQTDESNLYLSYDYYTWAERAYEWY 200000
YYSEYEARAEATHENTAYIKYHSYTWNYFAYEWY 200000
YYSEYEEISANTYESNLYFRYSHYTWAWFAYEWY 200000
YYSEYEQIVDTSFVGTLYLLYMDYTRAAQNYRGY 200000
YYSEYEQIVDTSFVNTLYLWYRDYTWEAENYRWY 200000
YYSEYEQRVETADMCTVYFRFYSYTWAYFAYESY 200000
YYSEYEQRVGHTFVSNLYIRYESYTWAVHTYESY 200000
YYSEYEQRVGHTFVSNLYIRYESYTWAVHTYEWY 200000
YYSEYQNIAANTFENTAYITYDSYTWAAHTYEWY 200000
YYSEYQNICAATYEGILYYRYSYYTWAVFTYLSY 200000
YYSEYQNICADTLENTLYITYDSYTWAAHTYEWH 200000
YYSEYQNICADTLENTLYITYDSYTWAVMAYEWH 200000
YYSEYQNICADTLENTLYITYDSYTWAVWAYESH 200000
YYSEYQNICADTLENTLYITYDSYTWAVWAYEWH 200000
YYSEYQNICADTLENTLYITYDSYTWAVWAYEWY 200000
YYSEYQNICADTLENTLYITYDSYTWAVWTYEWH 200000
YYSEYQNICADTLENTLYLTYDSYTWAAHTYQSY 200000
YYSEYQNICADTLENTLYLTYDSYTWAAWAYQSY 200000
YYSEYQNICADTLENTLYLTYDSYTWAVHAYQSY 200000
YYSEYQNICADTLENTLYLTYDSYTWAVHTYQSY 200000
YYSEYQNICADTLENTLYLTYDSYTWAVWAYESY 200000
YYSEYQNICADTLENTLYLTYDSYTWAVWAYQSY 200000
YYSEYQNICADTLENTLYLTYDSYTWAVWVYQSY 200000
YYSEYQNICADTYESNLYLRYEYYTWAEIAYEWY 200000
YYSEYQNIYAATYEGILYYRYSYYTWAVFTYLSY 200000
YYSEYQNIYAENYEGNLYLTYESYTWAEWTYRSY 200000
YYSEYREICADTLEDTLYITYDSYTWAVWAYESY 200000
YYSEYREICADTLENTLYITYDSYTWAVRAYEWH 200000
YYSEYREICADTLENTLYITYDSYTWAVWAYESY 200000
YYSEYREICADTLENTLYITYDSYTWAVWAYEWH 200000
YYSEYREICADTLENTLYITYEFYTWAVDVYRSY 200000
YYSEYREICTNTDESNLYLRYNFYTWAVLTYTWY 200000
YYSEYREICTNTYENTAYLRYNFYTWAVLTYTWY 200000
YYSEYREISAETLENTLYIKYDSYTWAAMAYEWY 200000
YYSEYREISAETYEDTLYITYYDYTWAEFAYEWH 200000
YYSEYREISAETYEGILYYTYDYYTWAVMAYRWY 200000
YYSEYREISENVYESNLYIAYSDYTWEYLNYRWY 200000
YYSEYREISENVYESNLYLLYRDYTWEYLNYRWY 200000
YYSEYREISINTYESNLYLRYDSYTWAELAYLWY 200000
YYSEYREISTNTDESNLYLRYDSYTWAELAYLWY 200000
YYSEYREISTNTDESNLYLRYNFYTWAVLTYTWY 200000
YYSEYREISTNTDESTAYLRYNFYTWAVLTYTWY 200000
YYSEYREISTNTYENIAYLTYRFYTWAWLAYLWY 200000
YYSEYREISTNTYENIAYLTYRFYTWAWWAYTWY 200000
YYSEYREISTNTYENIAYWTYNYYTWAELAYLWH 200000
YYSEYREISTNTYENTLYLTYRYYTWAWLAYLWY 200000
YYSEYREISTNTYESIAYLSYNYYSLAVLAYEWY 200000
YYSEYREISTNTYESNLFLRYDSYTWAELAYLWY 200000
YYSEYREISTNTYESNLYIRYDSYTWAELAYLWY 200000
YYSEYREISTNTYESNLYIRYDSYTWAVLAYLWY 200000
YYSEYREISTNTYESNLYIRYEYYTWARLAYTWY 200000
YYSEYREISTNTYESNLYIRYEYYTWAWLAYTWY 200000
YYSEYREISTNTYESNLYIRYNFYSLAVLAYEWY 200000
YYSEYREISTNTYESNLYLNYNYYSLAVLAYEWY 200000
YYSEYREISTNTYESNLYLRYDFYTWAVLTYTWY 200000
YYSEYREISTNTYESNLYLRYDSYSLAVLAYEWY 200000
YYSEYREISTNTYESNLYLRYDSYTWAELAYLSY 200000
YYSEYREISTNTYESNLYLRYDSYTWAELAYLWY 200000
YYSEYREISTNTYESNLYLRYDSYTWAELTYTWY 200000
YYSEYREISTNTYESNLYLRYDSYTWAERAYEWY 200000
YYSEYREISTNTYESNLYLRYDSYTWAEWAYLWY 200000
YYSEYREISTNTYESNLYLRYDSYTWAVLAYLSY 200000
YYSEYREISTNTYESNLYLRYDSYTWAVLAYLWY 200000
YYSEYREISTNTYESNLYLRYNFYTWAVLTYTWY 200000
YYSEYREISTNTYESNLYLRYNFYTWAVRTYTWY 200000
YYSEYREISTNTYESNLYLRYNYYSLAVLAYEWY 200000
YYSEYREISTNTYESNLYLSYDSYTWAEWAYLWY 200000
YYSEYREISTNTYESNLYLSYDYYTWAERAYEWY 200000
YYSEYREISTNTYESNLYLSYNFYSLAVLAYEWY 200000
YYSEYREISTNTYESNLYLSYNSYTLAVLAYEWY 200000
YYSEYREISTNTYESNLYLSYNYYSLAELAYEWY 200000
YYSEYREISTNTYESNLYLSYNYYSLAVLAYELY 200000
YYSEYREISTNTYESNLYLSYNYYSLAVLAYEWY 200000
YYSEYREISTNTYESNLYLSYNYYSLAVWAYEWY 200000
YYSEYREISTNTYESNLYLSYNYYTWAERAYEWY 200000
YYSEYREISTNTYESNLYLSYNYYTWAVDAYTWY 200000
YYSEYREISTNTYESNLYLSYNYYTWAVLAYEWY 200000
YYSEYREIYAQTDESNLYLSYDYYTWAERAYEWY 200000
YYSEYRNIAADTYENTLYIRYEYYTWAAMAYEWH 200000
YYSEYRNICAANYEGNLYFRYEFYTWAAMAYTWY 200000
YYSEYRNICAANYEGNLYFRYEYYTWAAMAYTWY 200000
YYSEYRNICADTYENTLYIRYESYTWAAMAYEWH 200000
YYSEYRNICADTYESNLYIRYEFYTWAAMAYEWH 200000
YYSEYRNICAENAVANLYFRVEYYTWAEIAYEWY 200000
YYSEYRNICANTYESNLYIRYDSYTWAAMAYEWH 200000
YYSEYRNICANTYESNLYIRYEFYTWAAMAYEWH 200000
YYSEYRNICAQTDESNLYLSYDYYTWAERAYEWY 200000
YYSEYRNICAQTDGSNLYLRYYDYTWAVHAYLWY 200000
YYSEYRNICTDTDESNLYLRYNFYTWAVLTYTWY 200000
YYSEYRNICTNTDENIAYLRYNFYTWAVLTYTWY 200000
YYSEYRNICTNTDESNLYIRYNFYTWAELAYTWH 200000
YYSEYRNICTNTDESNLYIRYNFYTWAVLTYTWY 200000
YYSEYRNICTNTDESNLYLRSNFYTWAVLTYTWY 200000
YYSEYRNICTNTDESNLYLRYDFYTWAVLTYTWY 200000
YYSEYRNICTNTDESNLYLRYDSYTWAVLAYTWH 200000
YYSEYRNICTNTDESNLYLRYNFYTWAALTYTWY 200000
YYSEYRNICTNTDESNLYLRYNFYTWAELAYTWH 200000
YYSEYRNICTNTDESNLYLRYNFYTWAELTYTWY 200000
YYSEYRNICTNTDESNLYLRYNFYTWAEWAYTWY 200000
YYSEYRNICTNTDESNLYLRYNFYTWAEWTYTWY 200000
YYSEYRNICTNTDESNLYLRYNFYTWAVLAYTWY 200000
YYSEYRNICTNTDESNLYLRYNFYTWAVLTYEWY 200000
YYSEYRNICTNTDESNLYLRYNFYTWAVLTYLWH 200000
YYSEYRNICTNTDESNLYLRYNFYTWAVLTYTWH 200000
YYSEYRNICTNTDESNLYLRYNFYTWAVLTYTWY 200000
YYSEYRNICTNTDESNLYLSYDYYTWAERAYEWY 200000
YYSEYRNICTNTDESNLYLSYDYYTWAVLTYTWY 200000
YYSEYRNICTNTDESNLYLSYNFYTWAELAYTWH 200000
YYSEYRNICTNTDESNLYLSYNFYTWAVLTYTWY 200000
YYSEYRNICTNTDESNLYLSYNYYTWAELAYTWH 200000
YYSEYRNICTNTDESNLYLSYNYYTWAERAYEWY 200000
YYSEYRNICTNTDESNLYLSYNYYTWAVLTYTWY 200000
YYSEYRNICTNTDESNLYLTYNFYTWAVLTYTWY 200000
YYSEYRNICTNTDESNLYLWYNFYTWAELAYTWH 200000
YYSEYRNICTNTDESNLYLWYNFYTWAERAYTWH 200000
YYSEYRNICTNTDESNLYWTYNFYTWAVLAYTWY 200000
YYSEYRNICTNTDESNLYWTYNFYTWAVLTYEWY 200000
YYSEYRNICTNTDESNLYWTYNFYTWAVLTYTWY 200000
YYSEYRNICTNTDESNLYWTYNFYTWAVRAYLWY 200000
YYSEYRNICTNTDVSNLYLRYNFYTWAVLTYTWY 200000
YYSEYRNICTNTYEDTLYLRYNFYTWAVLTYTWY 200000
YYSEYRNICTNTYENIAYIRYNFYTWAVLTYTWY 200000
YYSEYRNICTNTYENIAYLNYNFYTWAVLTYKWY 200000
YYSEYRNICTNTYENIAYLRYDSYTWAELAYLWY 200000
YYSEYRNICTNTYENIAYLRYNFYTWAELAYTWY 200000
YYSEYRNICTNTYENIAYLRYNFYTWAVLTYTWY 200000
YYSEYRNICTNTYENIAYLSYNFYTWAVLTYTWY 200000
YYSEYRNICTNTYENTAYFRYNFYTWAVLTYTWY 200000
YYSEYRNICTNTYENTAYLRYNFYTWAVLTYMWY 200000
YYSEYRNICTNTYENTAYLRYNFYTWAVLTYTWY 200000
YYSEYRNICTNTYESNLYIRYDSYTWAELAYLWY 200000
YYSEYRNICTNTYESNLYLRYDFYTWAELAYLWY 200000
YYSEYRNICTNTYESNLYLRYDFYTWAVLTYTWY 200000
YYSEYRNICTNTYESNLYLRYDSYSLAVLAYEWY 200000
YYSEYRNICTNTYESNLYLRYDSYTWAELAYLSY 200000
YYSEYRNICTNTYESNLYLRYDSYTWAELAYLWY 200000
YYSEYRNICTNTYESNLYLRYDSYTWAELAYTWY 200000
YYSEYRNICTNTYESNLYLRYDSYTWAELTYLWY 200000
YYSEYRNICTNTYESNLYLRYDSYTWATLAYLWY 200000
YYSEYRNICTNTYESNLYLRYDSYTWAVDAYLWY 200000
YYSEYRNICTNTYESNLYLRYDSYTWAVLAYEWY 200000
YYSEYRNICTNTYESNLYLRYDSYTWAVLTYTWY 200000
YYSEYRNICTNTYESNLYLRYDYYTWAELAYLWH 200000
YYSEYRNICTNTYESNLYLRYDYYTWAELAYLWY 200000
YYSEYRNICTNTYESNLYLRYDYYTWAELVYLWY 200000
YYSEYRNICTNTYESNLYLRYDYYTWAERAYLWY 200000
YYSEYRNICTNTYESNLYLRYNFYTWAVLTYTWY 200000
YYSEYRNICTNTYESNLYLRYNFYTWAVRTYTWY 200000
YYSEYRNICTNTYESNLYLRYNYYTWAELAYLWY 200000
YYSEYRNICTNTYESNLYLSYDSYTWAELAYLWY 200000
YYSEYRNICTNTYESNLYLSYNFYTWAVLTYTWY 200000
YYSEYRNICTNTYESNLYLWYNFYTWAELAYTWH 200000
YYSEYRNICTNTYESTAYLRYDSYTWAELAYLWY 200000
YYSEYRNIFAQTDESNLYLSYDYYTWAERAYEWY 200000
YYSEYRNIFAQTDESNLYLSYNYYSLAVLAYEWY 200000
YYSEYRNIFTNTDESNLYLRYNFYTWAVLTYTWY 200000
YYSEYRNIFTNTDESNLYLSYDYYTWAERAYEWY 200000
YYSEYRNIFTNTDESNLYLSYNYYTWAERAYEWY 200000
YYSEYRNIFTNTDESNLYLSYNYYTWAVDAYTWY 200000
YYSEYRNIFTNTYENIAYLSYDYYTWAERAYEWY 200000
YYSEYRNIFTNTYESNLYIRYDSYTWAVLAYLWY 200000
YYSEYRNIFTNTYESNLYLRYDSYTWAELAYLWY 200000
YYSEYRNIFTNTYESNLYLSYNYYSLAVLAYEWY 200000
YYSEYRNISADTLADTLYITYYYYTWAEFAYEWY 200000
YYSEYRNISADTYENTLYITYYYYTWAEFAYEWY 200000
YYSEYRNISTNTDESNLYLRYNFYTWAVLTYTWY 200000
YYSEYRNISTNTYEDTLYLSYDYYTWAERAYEWY 200000
YYSEYRNISTNTYESNLYLRYDSYTWAELAYLWY 200000
YYSEYRNISTNTYESNLYLSYDYYTWAERAYEWY 200000
YYSEYRNIYAANYEGNLYFRYEYYTWAAMAYTWY 200000
YYSEYRNIYAANYEGNLYYTYDSYTWAEFTYEWY 200000
YYSEYRNIYAENAVANLYFRVEYYTWAEIAYEWY 200000
YYSEYRNIYAENAVANLYFRVEYYTWAVMAYRSY 200000
YYSEYRNIYAENAVANLYFRYEYYTWAVMAYRSY 200000
YYSEYRNIYAENAVANLYYRYYDYTWAWIAYEWY 200000
YYSEYRNIYAENAVANLYYRYYSYTWAVIAYEWY 200000
YYSEYRNIYAENAVNNLYFRYEYYTWAEMAYEWY 200000
YYSEYRNIYAETYESNLYLRYDSYTWAARAYEWY 200000
YYSEYRNIYANTYESNLYLRYEYYTWAEIAYEWY 200000
YYSEYRNIYANTYESNLYLSYDYYTWAERAYEWY 200000
YYSEYRNIYANTYESNLYLTYDSYTWAARAYEWY 200000
YYSEYRNIYAQADVSNLYLSYDYYTWAERAYEWY 200000
YYSEYRNIYAQTDENIAYLSYDYYTWAERAYEWY 200000
YYSEYRNIYAQTDENIAYLTYYDYTWAELAYTWY 200000
YYSEYRNIYAQTDENNLYLSYDSYTWAERAYEWY 200000
YYSEYRNIYAQTDENNLYLSYDYYTWAERAYEWY 200000
YYSEYRNIYAQTDESIAYLSYDYYTWAERAYEWY 200000
YYSEYRNIYAQTDESNLHLSYDYYTWAERAYEWY 200000
YYSEYRNIYAQTDESNLYFSYDYYTWAERAYEWY 200000
YYSEYRNIYAQTDESNLYIRYDDYTWAVDAYLSY 200000
YYSEYRNIYAQTDESNLYIRYDYYTWAERAYEWY 200000
YYSEYRNIYAQTDESNLYIRYNYYTWAVDAYTWY 200000
YYSEYRNIYAQTDESNLYLRFNLYTWAVDAYLSY 200000
YYSEYRNIYAQTDESNLYLRSDYYTWAERAYEWY 200000
YYSEYRNIYAQTDESNLYLRYDYYTWAERAYEWY 200000
YYSEYRNIYAQTDESNLYLRYNFYTWAVLTYTWY 200000
YYSEYRNIYAQTDESNLYLRYNLYTWAVDAYLSY 200000
YYSEYRNIYAQTDESNLYLSYDDYTWAERAYEWY 200000
YYSEYRNIYAQTDESNLYLSYDSYTWAERAYEWY 200000
YYSEYRNIYAQTDESNLYLSYDYYTCAERAYEWY 200000
YYSEYRNIYAQTDESNLYLSYDYYTRAERAYEWY 200000
YYSEYRNIYAQTDESNLYLSYDYYTWAARAYEWY 200000
YYSEYRNIYAQTDESNLYLSYDYYTWAEDAYEWY 200000
YYSEYRNIYAQTDESNLYLSYDYYTWAEDAYTWY 200000
YYSEYRNIYAQTDESNLYLSYDYYTWAELAYEWY 200000
YYSEYRNIYAQTDESNLYLSYDYYTWAELAYTWY 200000
YYSEYRNIYAQTDESNLYLSYDYYTWAEQAYEWY 200000
YYSEYRNIYAQTDESNLYLSYDYYTWAERAYEGY 200000
YYSEYRNIYAQTDESNLYLSYDYYTWAERAYEWY 200000
YYSEYRNIYAQTDESNLYLSYDYYTWAERAYLSY 200000
YYSEYRNIYAQTDESNLYLSYDYYTWAERAYLWY 200000
YYSEYRNIYAQTDESNLYLSYDYYTWAERAYTWY 200000
YYSEYRNIYAQTDESNLYLSYDYYTWAERTYEWY 200000
YYSEYRNIYAQTDESNLYLSYDYYTWAERVYEWY 200000
YYSEYRNIYAQTDESNLYLSYDYYTWAEWAYEWY 200000
YYSEYRNIYAQTDESNLYLSYDYYTWAEWAYLWY 200000
YYSEYRNIYAQTDESNLYLSYDYYTWAVDAYEWY 200000
YYSEYRNIYAQTDESNLYLSYDYYTWAVLAYEWY 200000
YYSEYRNIYAQTDESNLYLSYNFYTWAERAYEWY 200000
YYSEYRNIYAQTDESNLYLSYNFYTWAVDAYTWY 200000
YYSEYRNIYAQTDESNLYLSYNYYSLAVLAYEWY 200000
YYSEYRNIYAQTDESNLYLSYNYYTWAELAYEWY 200000
YYSEYRNIYAQTDESNLYLSYNYYTWAELAYTWY 200000
YYSEYRNIYAQTDESNLYLSYNYYTWAERAYEWY 200000
YYSEYRNIYAQTDESNLYLSYNYYTWAVDAYTWY 200000
YYSEYRNIYAQTDESNLYWTYDYYTWAERAYEWY 200000
YYSEYRNIYAQTDESNLYWTYNLYTWAERAYEWY 200000
YYSEYRNIYAQTDESNLYWTYNLYTWAVLAYLWY 200000
YYSEYRNIYAQTDESNLYWTYNLYTWAVLAYTWY 200000
YYSEYRNIYAQTDESNLYWTYNYYTWAVDAYTWY 200000
YYSEYRNIYAQTDVGNLYWTYDYYTWAERAYLWY 200000
YYSEYRNIYAQTDVGNLYWTYDYYTWAVWAYLWY 200000
YYSEYRNIYAQTDVSNLYLSYDYYTWAERAYEWY 200000
YYSEYRNIYAQTDVSNLYLSYEYYTWAVRAYTWY 200000
YYSEYRNIYAQTVESNLYLSYNYYTWAERAYEWY 200000
YYSEYRNIYAQTYENNLYLSYDYYTWAERAYEWY 200000
YYSEYRNIYAQTYESNLYLSYDYYTWAERAYEWY 200000
YYSEYRNIYDTNFVSNLYLWSWFYTWANENYEWY 200000
YYSEYRNIYDTTFVDTLYLEYEYYSVAEFNYRGY 200000
YYSEYRNIYTNTDESNLYLRYNFYTWAVLTYTWY 200000
YYSEYRNIYTNTDESNLYLRYNLYTWAVLTYTWY 200000
YYSEYRNIYTNTDESNLYLSYDYYTWAERAYEWY 200000
YYSEYRNIYTNTDESNLYLSYNYYTWAVDAYTWY 200000
YYSEYRNIYTNTYENNLYLRYNFYTWAVLTYTWY 200000
YYSEYRNIYTNTYESNLYLSYDYYTWAERAYEWY 200000
YYSEYRVISTNTYESNLYLSYNYYSLAVLAYEWY 200000
YYSEYWNIYAQTDESNLYLSYDYYTWAERAYEWY 200000
YYSGYREKYRQADVNKLYLWYDSYTWAEWAYTWY 200000
YYSGYREKYRQADVSNLYLRYNFYTWAVLTYTWY 200000
YYSGYREKYRQADVSNLYLSYDYYTWAERAYEWY 200000
YYSGYREKYRQTDVSNLYIRYDYYTWAELAYLWY 200000
YYSGYREKYRQTDVSNLYLRYNFYTWATLAYTWY 200000
YYSGYRENYRQADVSNLYLRYDSYTLAALAYTWY 200000
YYSGYRNIYAQTDESNLYWTYNLYTWAVLAYTWY 200000
YYSIYQERTDTFFVYTLYVEYDFYTAADVIYKWY 200000
YYSMYEEISANTYESNLYFRYSHYTWAWIAYEWY 200000
YYSMYEEISANTYGNTLYITYEFYTWAVDVYRSY 200000
YYSMYREICADTLENTLYITYDSYTWAVDVYRSY 200000
YYSMYREIMAENAVANLYFRYNFYTWAERAYRWY 200000
YYSMYREIMAENAVANLYLTYDFYTWAELTYRSY 200000
YYSMYREISENVYGSNLYLLYRDYTWEYLNYRWY 200000
YYSMYREKMTEIYGNNLYITYEFYTWAAWAYEWY 200000
YYSMYREKMTETSGNTLYIRVEFYTWAVMAYTWY 200000
YYSMYREKMTETYGNTLYITYEYYTWAVWAYEWY 200000
YYSMYRENMTANAVANLYFRVEFYTWAVMAYRSY 200000
YYSMYRENSDTGFVDTLYLLYTYYSVAVQNYRWY 200000
YYSMYRENVASTDGSNLYWTYDYYTWAVWAYLWY 200000
YYSMYRNIMTANAVANLYIRYSHYTWAWFAYEWY 200000
YYSTYGENMASTYENIAYIRYDSYTWAVLAYLWY 200000
YYSTYRENFETTFVNTLYILYTFYSRAALNYRGY 200000
YYSTYRNICTNTDESNLYLRYNFYTWAVLTYTWY 200000
YYSTYRNIFTNTYENIAYLRYNFYTWAVLTYTWY 200000
YYSTYRNIFTNTYESNLYIRYDSYTWAVLAYLWY 200000
YYSTYRNIFTNTYESNLYIRYDSYTWAVRAYLWY 200000
YYSTYRNIFTNTYESNLYISYDSYTWAVLAYLWY 200000
YYSTYRNISTNTYESNLYLRYDSYTWAVLAYTWH 200000
YYSVYREIFTNTDGSNLYLTYYYYSFAALAYTWY 200000
YYSVYREIFTNTDVSNLYLTYYYYSFAALAYTWY 200000
YYTEYREICAKTDEDTLYLNYHDYTWAVLAYEWY 200000
YYTEYREISETTYVNTLYLRYSFYSFAVESYLGY 200000
YYTEYREISTNTYENTAYIRYDDYTWAVDAYLSY 200000
YYTEYREISTNTYENTAYIRYDDYTWAVLAYLSY 200000
YYTEYRNICTNTYENIAYLRYNFYTWAVLTYTWY 200000
YYTEYRNIFAQTDVGNLYWTYYHYTWAARAYTWY 200000
YYTEYRNIYETIYVGNLYFSYSDYTRAAWSYTGY 200000
YYTIYREISENVYESNLYFRYDFYTWADFNYRWY 200000
YYTKYDEISENLYKDTLYIAFRDYTWAYLNYTWY 200000
YYTKYDEISENLYKNTLYIAFRDYTWAYLNYTWY 200000
YYTKYPEISTNTYENTAYIRYDDYTWAVLAYLSY 200000
YYTKYREICAKTDENTAYIRYDDYTWAVDAYLSY 200000
YYTKYREISANTYENTAYFKYEFYTWAAMAYQSY 200000
YYTKYREISEKLYENTLYLQFRYYTWADFNYEWY 200000
YYTKYREISENLYKNTAYLRFSFYTWAAENYRGY 200000
YYTKYREISENVYGSNLYFQFRYYTWADFNYEGY 200000
YYTKYREISENWYEANLYLLYTFYSMADQNYRGY 200000
YYTKYREISENWYEANLYLQFTFYSMADQNYRGY 200000
YYTKYREISTNTDENTLYWTFRFYTWAVRAYTWY 200000
YYTKYREISTNTDENTLYWTFRYYTWAVRAYTWY 200000
YYTKYREISTNTDESNLYWTFRYYTWAVLAYTWY 200000
YYTKYREISTNTDVSNLYWTFRYYTWAVLAYTWY 200000
YYTKYREISTNTYEDTLYLNYHDYTWAVLAYEWY 200000
YYTKYREISTNTYEDTLYLRFHDYTWAVLAYEWY 200000
YYTKYREISTNTYENIAYIRYDDYTWAVDAYLSY 200000
YYTKYREISTNTYENIAYIRYDDYTWAVLAYLSY 200000
YYTKYREISTNTYENIAYIRYDYYTWAVDAYLSY 200000
YYTKYREISTNTYENIAYIRYDYYTWAWHAYEWY 200000
YYTKYREISTNTYENIAYLTFDYYTWAALAYEWY 200000
YYTKYREISTNTYENIAYWRYNLYTWAELAYLWY 200000
YYTKYREISTNTYENNLYIRYDYYTWAVDAYLSY 200000
YYTKYREISTNTYENTAYIGYDDYTWAVLAYLSY 200000
YYTKYREISTNTYENTAYIRFNLYTWAVLAYLSY 200000
YYTKYREISTNTYENTAYIRYDDYTWAELAYLSY 200000
YYTKYREISTNTYENTAYIRYDDYTWAERAYLSY 200000
YYTKYREISTNTYENTAYIRYDDYTWAMLAYLSY 200000
YYTKYREISTNTYENTAYIRYDDYTWAVDAYESY 200000
YYTKYREISTNTYENTAYIRYDDYTWAVDAYEWY 200000
YYTKYREISTNTYENTAYIRYDDYTWAVDAYLSY 200000
YYTKYREISTNTYENTAYIRYDDYTWAVDAYLWY 200000
YYTKYREISTNTYENTAYIRYDDYTWAVDGYLSY 200000
YYTKYREISTNTYENTAYIRYDDYTWAVDTYLSY 200000
YYTKYREISTNTYENTAYIRYDDYTWAVEAYLSY 200000
YYTKYREISTNTYENTAYIRYDDYTWAVLAYEWY 200000
YYTKYREISTNTYENTAYIRYDDYTWAVLAYLSY 200000
YYTKYREISTNTYENTAYIRYDDYTWAVLAYLWY 200000
YYTKYREISTNTYENTAYIRYDDYTWAVLTYLSY 200000
YYTKYREISTNTYENTAYIRYDDYTWAVRAYLSY 200000
YYTKYREISTNTYENTAYIRYDDYTWAVRAYTSY 200000
YYTKYREISTNTYENTAYIRYDSYTWAVDAYLSY 200000
YYTKYREISTNTYENTAYIRYDSYTWAVLAYLSY 200000
YYTKYREISTNTYENTAYIRYDYYTWAVDAYLSY 200000
YYTKYREISTNTYENTAYIRYDYYTWAVDAYLWY 200000
YYTKYREISTNTYENTAYIRYDYYTWAVLAYLSY 200000
YYTKYREISTNTYENTAYIRYNDYTWAVDAYLSY 200000
YYTKYREISTNTYENTAYIRYNYYTWAVDAYLSY 200000
YYTKYREISTNTYENTAYIRYNYYTWAVLAYLSY 200000
YYTKYREISTNTYENTAYISYDDYTWAVLAYLSY 200000
YYTKYREISTNTYENTAYLNYHDYTWAVLAYEWY 200000
YYTKYREISTNTYENTAYLRYDDYTWAVDAYLSY 200000
YYTKYREISTNTYENTAYLRYDDYTWAVLAYLSY 200000
YYTKYREISTNTYENTAYLRYNYYSLAVLAYESY 200000
YYTKYREISTNTYENTAYLSYDDYTWAVDAYLSY 200000
YYTKYREISTNTYENTAYLSYDDYTWAVLAYLSY 200000
YYTKYREISTNTYENTAYWRYDDYTWAVDAYLSY 200000
YYTKYREISTNTYENTAYWTYDDYTWAVDAYLSY 200000
YYTKYREISTNTYENTAYWTYDDYTWAVLAYLSY 200000
YYTKYREISTNTYENTAYWTYNYYTWAVLAYEWY 200000
YYTKYREISTNTYENTPYIRYDDYTWAVDAYLSY 200000
YYTKYREISTNTYESNLYIRYDDYTWAVDAYLSY 200000
YYTKYREISTNTYESNLYIRYDDYTWAVLAYLSY 200000
YYTKYREISTNTYESNLYIRYNYYTWAVLAYEWY 200000
YYTKYREISTNTYESNLYLRFHDYTWAVLAYEWY 200000
YYTKYREISTNTYESNLYLRYDSYTWAEWAYLWY 200000
YYTKYREISTNTYESNLYLRYNYYSLAVLAYEWY 200000
YYTKYREISTNTYESNLYLSYNYYTWAVLAYEWY 200000
YYTKYREISTNTYESNLYLTFDYYTWAALAYEWY 200000
YYTKYREISTNTYESTAYIRYDDYTWAVLAYLSY 200000
YYTKYREISTNTYVGNLYWTFRYYTWAVLAYTWY 200000
YYTKYREIYAQTDESNLYIRYDDYTWAVDAYLSY 200000
YYTKYRNISTNTYENTAYIRYDDYTWAVDAYLSY 200000
YYTKYWEISTNTYENTAYIRYDDYTWAVLAYLSY 200000
YYTMYREISTNTYENNLYIRYNLYTWAVLAYEWY 200000
YYTMYREISTNTYENTACIRYNLYTWAVLAYEWY 200000
YYTMYREISTNTYENTAYIRYDDYTWAVDAYLSY 200000
YYTMYREISTNTYENTAYIRYDDYTWAVLAYLSY 200000
YYTMYREISTNTYENTAYIRYDSYTWAVLAYEWY 200000
YYTMYREISTNTYENTAYIRYNLYTWAELAYEWY 200000
YYTMYREISTNTYENTAYIRYNLYTWAVLAYEWY 200000
YYTMYREISTNTYENTAYIRYNLYTWAVLAYGWY 200000
YYTMYREISTNTYENTAYIRYNLYTWAVLAYTWY 200000
YYTMYREISTNTYENTAYIRYNYYTWAVLAYEWY 200000
YYTMYREISTNTYENTAYLRYDSYTWAVLAYEWY 200000
YYTMYREISTNTYENTAYLRYNLYTWAVLAYEWY 200000
YYTMYREISTNTYENTAYWTFNLYTWAVLAYEWY 200000
YYTMYREISTNTYENTAYWTYDSYTWAVLAYLWY 200000
YYTMYREISTNTYENTAYWTYDYYTWAVLAYEWY 200000
YYTMYREISTNTYENTAYWTYNLYTWAELAYEWY 200000
YYTMYREISTNTYENTAYWTYNLYTWAEWAYEWY 200000
YYTMYREISTNTYENTAYWTYNLYTWAVLAYEWH 200000
YYTMYREISTNTYENTAYWTYNLYTWAVLAYEWY 200000
YYTMYREISTNTYENTAYWTYNLYTWAVLAYLWY 200000
YYTMYREISTNTYENTAYWTYNLYTWAVRAYEWY 200000
YYTMYREISTNTYESNLYLRYDSYTWAEWAYLWY 200000
YYTMYREISTNTYESNLYWTYNLYTWAVLAYEWY 200000
YYTMYREISTNTYESTAYIRYNLYTWAVLAYEWY 200000
YYTMYREKVETTYVGTLYISFHDYTWAAWSYLGY 200000
YYTMYREKYRQTDVSNLYLRYDSYTWAEWAYLWY 200000
YYTMYRENMASTDENIAYIRYYYYTWAARAYTWY 200000
YYTMYRENMASTDENIAYWTYGYYTWAERAYTWY 200000
YYTMYRENMTANAVANLYFRVEFYTWAVMAYTWH 200000
YYTMYRENMTANAVANLYFRVEYYTWAVMAYTWH 200000
YYTMYRENMTANAVANLYIRVEYYTWAVMAYTWH 200000
YYTMYRENVAFTDENTLYLTYEFYTWAEHAYLGY 200000
YYTMYRENVASTDENIAYWTYGFYTWAVLAYTWY 200000
YYTMYRENVASTDGSNLYLTYYYYTWAVWAYLWY 200000
YYTMYREVSTNTYENTAYWTYNLYTWAVLAYEWY 200000
YYTMYRNISTNTYENTAYIRYNLYTWAVLAYEWY 200000
YYTMYRQISTNTYESNLYITYRFYTWAWLAYLWY 200000
YYTNYREISTNTYENTAYIRYDDYTWAVLAYLSY 200000
YYTRYREISENLYKNTAYITFMYYTWANENYRGY 200000
YYTTYRNIFTNTYESNLYIRYDSYTWAVLAYLWY 200000
